{"/Users/PenguinCho/Desktop/react_webpack/src/index.js": {"path":"/Users/PenguinCho/Desktop/react_webpack/src/index.js","statementMap":{"0":{"start":{"line":8,"column":0},"end":{"line":11,"column":1}}},"fnMap":{},"branchMap":{},"s":{"0":0},"f":{},"b":{}}
,"/Users/PenguinCho/Desktop/react_webpack/src/svg/BusSchedule.js": {"path":"/Users/PenguinCho/Desktop/react_webpack/src/svg/BusSchedule.js","statementMap":{"0":{"start":{"line":4,"column":32},"end":{"line":7,"column":1}},"1":{"start":{"line":5,"column":2},"end":{"line":6,"column":46}},"2":{"start":{"line":5,"column":19},"end":{"line":6,"column":45}},"3":{"start":{"line":6,"column":4},"end":{"line":6,"column":44}},"4":{"start":{"line":8,"column":30},"end":{"line":16,"column":1}},"5":{"start":{"line":9,"column":15},"end":{"line":9,"column":17}},"6":{"start":{"line":10,"column":2},"end":{"line":14,"column":3}},"7":{"start":{"line":10,"column":15},"end":{"line":10,"column":16}},"8":{"start":{"line":11,"column":4},"end":{"line":13,"column":5}},"9":{"start":{"line":12,"column":6},"end":{"line":12,"column":34}},"10":{"start":{"line":15,"column":2},"end":{"line":15,"column":15}},"11":{"start":{"line":17,"column":31},"end":{"line":31,"column":1}},"12":{"start":{"line":18,"column":13},"end":{"line":18,"column":15}},"13":{"start":{"line":19,"column":16},"end":{"line":19,"column":18}},"14":{"start":{"line":20,"column":18},"end":{"line":20,"column":19}},"15":{"start":{"line":21,"column":2},"end":{"line":29,"column":3}},"16":{"start":{"line":21,"column":15},"end":{"line":21,"column":16}},"17":{"start":{"line":22,"column":4},"end":{"line":28,"column":5}},"18":{"start":{"line":23,"column":6},"end":{"line":23,"column":62}},"19":{"start":{"line":25,"column":6},"end":{"line":25,"column":17}},"20":{"start":{"line":26,"column":6},"end":{"line":26,"column":23}},"21":{"start":{"line":27,"column":6},"end":{"line":27,"column":45}},"22":{"start":{"line":30,"column":2},"end":{"line":30,"column":25}},"23":{"start":{"line":32,"column":33},"end":{"line":55,"column":1}},"24":{"start":{"line":33,"column":16},"end":{"line":33,"column":18}},"25":{"start":{"line":34,"column":2},"end":{"line":54,"column":3}},"26":{"start":{"line":35,"column":20},"end":{"line":35,"column":46}},"27":{"start":{"line":36,"column":19},"end":{"line":36,"column":68}},"28":{"start":{"line":36,"column":51},"end":{"line":36,"column":59}},"29":{"start":{"line":38,"column":22},"end":{"line":38,"column":49}},"30":{"start":{"line":38,"column":40},"end":{"line":38,"column":48}},"31":{"start":{"line":39,"column":22},"end":{"line":39,"column":49}},"32":{"start":{"line":39,"column":40},"end":{"line":39,"column":48}},"33":{"start":{"line":41,"column":4},"end":{"line":49,"column":5}},"34":{"start":{"line":41,"column":17},"end":{"line":41,"column":18}},"35":{"start":{"line":42,"column":19},"end":{"line":42,"column":49}},"36":{"start":{"line":43,"column":19},"end":{"line":43,"column":49}},"37":{"start":{"line":45,"column":23},"end":{"line":45,"column":77}},"38":{"start":{"line":46,"column":23},"end":{"line":46,"column":77}},"39":{"start":{"line":48,"column":6},"end":{"line":48,"column":52}},"40":{"start":{"line":50,"column":4},"end":{"line":50,"column":18}},"41":{"start":{"line":52,"column":18},"end":{"line":52,"column":80}},"42":{"start":{"line":52,"column":33},"end":{"line":52,"column":79}},"43":{"start":{"line":52,"column":50},"end":{"line":52,"column":78}},"44":{"start":{"line":53,"column":4},"end":{"line":53,"column":21}},"45":{"start":{"line":56,"column":24},"end":{"line":64,"column":1}},"46":{"start":{"line":57,"column":10},"end":{"line":57,"column":11}},"47":{"start":{"line":58,"column":2},"end":{"line":62,"column":3}},"48":{"start":{"line":59,"column":4},"end":{"line":59,"column":9}},"49":{"start":{"line":61,"column":4},"end":{"line":61,"column":45}},"50":{"start":{"line":63,"column":2},"end":{"line":63,"column":10}},"51":{"start":{"line":68,"column":23},"end":{"line":76,"column":1}},"52":{"start":{"line":69,"column":2},"end":{"line":75,"column":4}},"53":{"start":{"line":77,"column":19},"end":{"line":99,"column":1}},"54":{"start":{"line":78,"column":62},"end":{"line":78,"column":67}},"55":{"start":{"line":79,"column":2},"end":{"line":98,"column":3}},"56":{"start":{"line":100,"column":30},"end":{"line":118,"column":1}},"57":{"start":{"line":101,"column":2},"end":{"line":117,"column":6}},"58":{"start":{"line":120,"column":27},"end":{"line":143,"column":1}},"59":{"start":{"line":121,"column":19},"end":{"line":121,"column":24}},"60":{"start":{"line":123,"column":18},"end":{"line":123,"column":40}},"61":{"start":{"line":125,"column":21},"end":{"line":125,"column":61}},"62":{"start":{"line":125,"column":38},"end":{"line":125,"column":60}},"63":{"start":{"line":127,"column":24},"end":{"line":127,"column":53}},"64":{"start":{"line":128,"column":27},"end":{"line":128,"column":51}},"65":{"start":{"line":130,"column":2},"end":{"line":142,"column":3}},"66":{"start":{"line":132,"column":34},"end":{"line":132,"column":63}}},"fnMap":{"0":{"name":"(anonymous_0)","decl":{"start":{"line":4,"column":32},"end":{"line":4,"column":33}},"loc":{"start":{"line":5,"column":2},"end":{"line":6,"column":46}},"line":5},"1":{"name":"(anonymous_1)","decl":{"start":{"line":5,"column":14},"end":{"line":5,"column":15}},"loc":{"start":{"line":5,"column":19},"end":{"line":6,"column":45}},"line":5},"2":{"name":"(anonymous_2)","decl":{"start":{"line":5,"column":25},"end":{"line":5,"column":26}},"loc":{"start":{"line":6,"column":4},"end":{"line":6,"column":44}},"line":6},"3":{"name":"(anonymous_3)","decl":{"start":{"line":8,"column":30},"end":{"line":8,"column":31}},"loc":{"start":{"line":8,"column":39},"end":{"line":16,"column":1}},"line":8},"4":{"name":"(anonymous_4)","decl":{"start":{"line":17,"column":31},"end":{"line":17,"column":32}},"loc":{"start":{"line":17,"column":41},"end":{"line":31,"column":1}},"line":17},"5":{"name":"(anonymous_5)","decl":{"start":{"line":32,"column":33},"end":{"line":32,"column":34}},"loc":{"start":{"line":32,"column":57},"end":{"line":55,"column":1}},"line":32},"6":{"name":"(anonymous_6)","decl":{"start":{"line":36,"column":46},"end":{"line":36,"column":47}},"loc":{"start":{"line":36,"column":51},"end":{"line":36,"column":59}},"line":36},"7":{"name":"(anonymous_7)","decl":{"start":{"line":38,"column":35},"end":{"line":38,"column":36}},"loc":{"start":{"line":38,"column":40},"end":{"line":38,"column":48}},"line":38},"8":{"name":"(anonymous_8)","decl":{"start":{"line":39,"column":35},"end":{"line":39,"column":36}},"loc":{"start":{"line":39,"column":40},"end":{"line":39,"column":48}},"line":39},"9":{"name":"(anonymous_9)","decl":{"start":{"line":52,"column":28},"end":{"line":52,"column":29}},"loc":{"start":{"line":52,"column":33},"end":{"line":52,"column":79}},"line":52},"10":{"name":"(anonymous_10)","decl":{"start":{"line":52,"column":43},"end":{"line":52,"column":44}},"loc":{"start":{"line":52,"column":50},"end":{"line":52,"column":78}},"line":52},"11":{"name":"(anonymous_11)","decl":{"start":{"line":56,"column":24},"end":{"line":56,"column":25}},"loc":{"start":{"line":56,"column":52},"end":{"line":64,"column":1}},"line":56},"12":{"name":"(anonymous_12)","decl":{"start":{"line":68,"column":23},"end":{"line":68,"column":24}},"loc":{"start":{"line":69,"column":2},"end":{"line":75,"column":4}},"line":69},"13":{"name":"(anonymous_13)","decl":{"start":{"line":77,"column":19},"end":{"line":77,"column":20}},"loc":{"start":{"line":77,"column":30},"end":{"line":99,"column":1}},"line":77},"14":{"name":"(anonymous_14)","decl":{"start":{"line":100,"column":30},"end":{"line":100,"column":31}},"loc":{"start":{"line":101,"column":2},"end":{"line":117,"column":6}},"line":101},"15":{"name":"(anonymous_15)","decl":{"start":{"line":120,"column":27},"end":{"line":120,"column":28}},"loc":{"start":{"line":120,"column":38},"end":{"line":143,"column":1}},"line":120},"16":{"name":"(anonymous_16)","decl":{"start":{"line":125,"column":33},"end":{"line":125,"column":34}},"loc":{"start":{"line":125,"column":38},"end":{"line":125,"column":60}},"line":125},"17":{"name":"(anonymous_17)","decl":{"start":{"line":132,"column":29},"end":{"line":132,"column":30}},"loc":{"start":{"line":132,"column":34},"end":{"line":132,"column":63}},"line":132}},"branchMap":{"0":{"loc":{"start":{"line":4,"column":33},"end":{"line":4,"column":77}},"type":"default-arg","locations":[{"start":{"line":4,"column":41},"end":{"line":4,"column":77}}],"line":4},"1":{"loc":{"start":{"line":11,"column":4},"end":{"line":13,"column":5}},"type":"if","locations":[{"start":{"line":11,"column":4},"end":{"line":13,"column":5}},{"start":{"line":11,"column":4},"end":{"line":13,"column":5}}],"line":11},"2":{"loc":{"start":{"line":22,"column":4},"end":{"line":28,"column":5}},"type":"if","locations":[{"start":{"line":22,"column":4},"end":{"line":28,"column":5}},{"start":{"line":22,"column":4},"end":{"line":28,"column":5}}],"line":22},"3":{"loc":{"start":{"line":32,"column":34},"end":{"line":32,"column":52}},"type":"default-arg","locations":[{"start":{"line":32,"column":40},"end":{"line":32,"column":52}}],"line":32},"4":{"loc":{"start":{"line":34,"column":2},"end":{"line":54,"column":3}},"type":"if","locations":[{"start":{"line":34,"column":2},"end":{"line":54,"column":3}},{"start":{"line":34,"column":2},"end":{"line":54,"column":3}}],"line":34},"5":{"loc":{"start":{"line":45,"column":23},"end":{"line":45,"column":77}},"type":"cond-expr","locations":[{"start":{"line":45,"column":39},"end":{"line":45,"column":69}},{"start":{"line":45,"column":72},"end":{"line":45,"column":77}}],"line":45},"6":{"loc":{"start":{"line":46,"column":23},"end":{"line":46,"column":77}},"type":"cond-expr","locations":[{"start":{"line":46,"column":39},"end":{"line":46,"column":69}},{"start":{"line":46,"column":72},"end":{"line":46,"column":77}}],"line":46},"7":{"loc":{"start":{"line":58,"column":2},"end":{"line":62,"column":3}},"type":"if","locations":[{"start":{"line":58,"column":2},"end":{"line":62,"column":3}},{"start":{"line":58,"column":2},"end":{"line":62,"column":3}}],"line":58},"8":{"loc":{"start":{"line":68,"column":26},"end":{"line":68,"column":30}},"type":"default-arg","locations":[{"start":{"line":68,"column":28},"end":{"line":68,"column":30}}],"line":68},"9":{"loc":{"start":{"line":68,"column":32},"end":{"line":68,"column":40}},"type":"default-arg","locations":[{"start":{"line":68,"column":39},"end":{"line":68,"column":40}}],"line":68},"10":{"loc":{"start":{"line":78,"column":10},"end":{"line":78,"column":19}},"type":"default-arg","locations":[{"start":{"line":78,"column":15},"end":{"line":78,"column":19}}],"line":78},"11":{"loc":{"start":{"line":78,"column":21},"end":{"line":78,"column":34}},"type":"default-arg","locations":[{"start":{"line":78,"column":31},"end":{"line":78,"column":34}}],"line":78},"12":{"loc":{"start":{"line":78,"column":36},"end":{"line":78,"column":50}},"type":"default-arg","locations":[{"start":{"line":78,"column":47},"end":{"line":78,"column":50}}],"line":78},"13":{"loc":{"start":{"line":78,"column":52},"end":{"line":78,"column":57}},"type":"default-arg","locations":[{"start":{"line":78,"column":54},"end":{"line":78,"column":57}}],"line":78},"14":{"loc":{"start":{"line":100,"column":33},"end":{"line":100,"column":44}},"type":"default-arg","locations":[{"start":{"line":100,"column":40},"end":{"line":100,"column":44}}],"line":100},"15":{"loc":{"start":{"line":102,"column":5},"end":{"line":109,"column":13}},"type":"cond-expr","locations":[{"start":{"line":103,"column":6},"end":{"line":109,"column":8}},{"start":{"line":109,"column":11},"end":{"line":109,"column":13}}],"line":102},"16":{"loc":{"start":{"line":114,"column":18},"end":{"line":114,"column":94}},"type":"cond-expr","locations":[{"start":{"line":114,"column":43},"end":{"line":114,"column":67}},{"start":{"line":114,"column":70},"end":{"line":114,"column":94}}],"line":114}},"s":{"0":3,"1":1,"2":2,"3":6,"4":3,"5":2,"6":2,"7":2,"8":8,"9":6,"10":2,"11":3,"12":1,"13":1,"14":1,"15":1,"16":1,"17":5,"18":3,"19":2,"20":2,"21":2,"22":1,"23":3,"24":2,"25":2,"26":1,"27":1,"28":4,"29":1,"30":2,"31":1,"32":2,"33":1,"34":1,"35":3,"36":3,"37":3,"38":3,"39":3,"40":1,"41":1,"42":1,"43":2,"44":1,"45":3,"46":0,"47":0,"48":0,"49":0,"50":0,"51":3,"52":0,"53":3,"54":0,"55":0,"56":3,"57":2,"58":3,"59":0,"60":0,"61":0,"62":0,"63":0,"64":0,"65":0,"66":0},"f":{"0":1,"1":2,"2":6,"3":2,"4":1,"5":2,"6":4,"7":2,"8":2,"9":1,"10":2,"11":0,"12":0,"13":0,"14":2,"15":0,"16":0,"17":0},"b":{"0":[0],"1":[6,2],"2":[3,2],"3":[0],"4":[1,1],"5":[2,1],"6":[2,1],"7":[0,0],"8":[0],"9":[0],"10":[0],"11":[0],"12":[0],"13":[0],"14":[0],"15":[1,1],"16":[0,2]},"_coverageSchema":"43e27e138ebf9cfc5966b082cf9a028302ed4184","hash":"c194bea7c36935a8e28f6391ced3ac07c5991811"}
,"/Users/PenguinCho/Desktop/react_webpack/src/svg/CompanyInfo.js": {"path":"/Users/PenguinCho/Desktop/react_webpack/src/svg/CompanyInfo.js","statementMap":{"0":{"start":{"line":6,"column":4},"end":{"line":6,"column":17}},"1":{"start":{"line":7,"column":4},"end":{"line":10,"column":6}},"2":{"start":{"line":13,"column":22},"end":{"line":13,"column":49}},"3":{"start":{"line":14,"column":22},"end":{"line":14,"column":67}},"4":{"start":{"line":15,"column":4},"end":{"line":18,"column":6}},"5":{"start":{"line":22,"column":78},"end":{"line":22,"column":88}},"6":{"start":{"line":23,"column":39},"end":{"line":23,"column":49}},"7":{"start":{"line":24,"column":4},"end":{"line":45,"column":6}},"8":{"start":{"line":29,"column":20},"end":{"line":29,"column":35}},"9":{"start":{"line":38,"column":22},"end":{"line":38,"column":37}}},"fnMap":{"0":{"name":"(anonymous_0)","decl":{"start":{"line":5,"column":2},"end":{"line":5,"column":3}},"loc":{"start":{"line":5,"column":21},"end":{"line":11,"column":3}},"line":5},"1":{"name":"(anonymous_1)","decl":{"start":{"line":12,"column":22},"end":{"line":12,"column":23}},"loc":{"start":{"line":12,"column":28},"end":{"line":19,"column":3}},"line":12},"2":{"name":"(anonymous_2)","decl":{"start":{"line":21,"column":2},"end":{"line":21,"column":3}},"loc":{"start":{"line":21,"column":11},"end":{"line":46,"column":3}},"line":21},"3":{"name":"(anonymous_3)","decl":{"start":{"line":29,"column":15},"end":{"line":29,"column":16}},"loc":{"start":{"line":29,"column":20},"end":{"line":29,"column":35}},"line":29},"4":{"name":"(anonymous_4)","decl":{"start":{"line":38,"column":17},"end":{"line":38,"column":18}},"loc":{"start":{"line":38,"column":22},"end":{"line":38,"column":37}},"line":38}},"branchMap":{"0":{"loc":{"start":{"line":14,"column":22},"end":{"line":14,"column":67}},"type":"cond-expr","locations":[{"start":{"line":14,"column":36},"end":{"line":14,"column":63}},{"start":{"line":14,"column":66},"end":{"line":14,"column":67}}],"line":14},"1":{"loc":{"start":{"line":22,"column":12},"end":{"line":22,"column":25}},"type":"default-arg","locations":[{"start":{"line":22,"column":24},"end":{"line":22,"column":25}}],"line":22},"2":{"loc":{"start":{"line":22,"column":27},"end":{"line":22,"column":40}},"type":"default-arg","locations":[{"start":{"line":22,"column":39},"end":{"line":22,"column":40}}],"line":22},"3":{"loc":{"start":{"line":22,"column":42},"end":{"line":22,"column":45}},"type":"default-arg","locations":[{"start":{"line":22,"column":44},"end":{"line":22,"column":45}}],"line":22},"4":{"loc":{"start":{"line":22,"column":47},"end":{"line":22,"column":54}},"type":"default-arg","locations":[{"start":{"line":22,"column":52},"end":{"line":22,"column":54}}],"line":22},"5":{"loc":{"start":{"line":22,"column":56},"end":{"line":22,"column":63}},"type":"default-arg","locations":[{"start":{"line":22,"column":61},"end":{"line":22,"column":63}}],"line":22},"6":{"loc":{"start":{"line":34,"column":9},"end":{"line":42,"column":22}},"type":"cond-expr","locations":[{"start":{"line":35,"column":10},"end":{"line":42,"column":17}},{"start":{"line":42,"column":20},"end":{"line":42,"column":22}}],"line":34}},"s":{"0":2,"1":2,"2":0,"3":0,"4":0,"5":2,"6":2,"7":2,"8":0,"9":0},"f":{"0":2,"1":0,"2":2,"3":0,"4":0},"b":{"0":[0,0],"1":[2],"2":[2],"3":[2],"4":[0],"5":[1],"6":[1,1]},"_coverageSchema":"43e27e138ebf9cfc5966b082cf9a028302ed4184","hash":"c6d18c3da8e3c20f7b7b8230264b6a93e0123f92"}
,"/Users/PenguinCho/Desktop/react_webpack/src/svg/GridLayout.js": {"path":"/Users/PenguinCho/Desktop/react_webpack/src/svg/GridLayout.js","statementMap":{"0":{"start":{"line":3,"column":26},"end":{"line":22,"column":1}},"1":{"start":{"line":4,"column":31},"end":{"line":4,"column":36}},"2":{"start":{"line":5,"column":21},"end":{"line":5,"column":27}},"3":{"start":{"line":5,"column":42},"end":{"line":5,"column":48}},"4":{"start":{"line":6,"column":12},"end":{"line":6,"column":14}},"5":{"start":{"line":7,"column":2},"end":{"line":9,"column":3}},"6":{"start":{"line":7,"column":15},"end":{"line":7,"column":16}},"7":{"start":{"line":8,"column":4},"end":{"line":8,"column":22}},"8":{"start":{"line":11,"column":2},"end":{"line":21,"column":3}},"9":{"start":{"line":15,"column":8},"end":{"line":18,"column":44}},"10":{"start":{"line":24,"column":13},"end":{"line":29,"column":1}},"11":{"start":{"line":25,"column":80},"end":{"line":25,"column":85}},"12":{"start":{"line":26,"column":2},"end":{"line":28,"column":3}},"13":{"start":{"line":31,"column":13},"end":{"line":38,"column":1}},"14":{"start":{"line":32,"column":68},"end":{"line":32,"column":73}},"15":{"start":{"line":33,"column":2},"end":{"line":37,"column":3}}},"fnMap":{"0":{"name":"(anonymous_0)","decl":{"start":{"line":3,"column":26},"end":{"line":3,"column":27}},"loc":{"start":{"line":3,"column":37},"end":{"line":22,"column":1}},"line":3},"1":{"name":"(anonymous_1)","decl":{"start":{"line":14,"column":15},"end":{"line":14,"column":16}},"loc":{"start":{"line":15,"column":8},"end":{"line":18,"column":44}},"line":15},"2":{"name":"(anonymous_2)","decl":{"start":{"line":24,"column":13},"end":{"line":24,"column":14}},"loc":{"start":{"line":24,"column":24},"end":{"line":29,"column":1}},"line":24},"3":{"name":"(anonymous_3)","decl":{"start":{"line":31,"column":13},"end":{"line":31,"column":14}},"loc":{"start":{"line":31,"column":24},"end":{"line":38,"column":1}},"line":31}},"branchMap":{"0":{"loc":{"start":{"line":4,"column":10},"end":{"line":4,"column":17}},"type":"default-arg","locations":[{"start":{"line":4,"column":12},"end":{"line":4,"column":17}}],"line":4},"1":{"loc":{"start":{"line":4,"column":19},"end":{"line":4,"column":26}},"type":"default-arg","locations":[{"start":{"line":4,"column":21},"end":{"line":4,"column":26}}],"line":4},"2":{"loc":{"start":{"line":25,"column":10},"end":{"line":25,"column":17}},"type":"default-arg","locations":[{"start":{"line":25,"column":12},"end":{"line":25,"column":17}}],"line":25},"3":{"loc":{"start":{"line":25,"column":19},"end":{"line":25,"column":26}},"type":"default-arg","locations":[{"start":{"line":25,"column":21},"end":{"line":25,"column":26}}],"line":25},"4":{"loc":{"start":{"line":25,"column":28},"end":{"line":25,"column":39}},"type":"default-arg","locations":[{"start":{"line":25,"column":34},"end":{"line":25,"column":39}}],"line":25},"5":{"loc":{"start":{"line":25,"column":41},"end":{"line":25,"column":53}},"type":"default-arg","locations":[{"start":{"line":25,"column":48},"end":{"line":25,"column":53}}],"line":25},"6":{"loc":{"start":{"line":25,"column":55},"end":{"line":25,"column":75}},"type":"default-arg","locations":[{"start":{"line":25,"column":65},"end":{"line":25,"column":75}}],"line":25},"7":{"loc":{"start":{"line":32,"column":10},"end":{"line":32,"column":17}},"type":"default-arg","locations":[{"start":{"line":32,"column":12},"end":{"line":32,"column":17}}],"line":32},"8":{"loc":{"start":{"line":32,"column":19},"end":{"line":32,"column":26}},"type":"default-arg","locations":[{"start":{"line":32,"column":21},"end":{"line":32,"column":26}}],"line":32},"9":{"loc":{"start":{"line":32,"column":28},"end":{"line":32,"column":41}},"type":"default-arg","locations":[{"start":{"line":32,"column":33},"end":{"line":32,"column":41}}],"line":32},"10":{"loc":{"start":{"line":32,"column":43},"end":{"line":32,"column":63}},"type":"default-arg","locations":[{"start":{"line":32,"column":53},"end":{"line":32,"column":63}}],"line":32}},"s":{"0":0,"1":0,"2":0,"3":0,"4":0,"5":0,"6":0,"7":0,"8":0,"9":0,"10":0,"11":0,"12":0,"13":0,"14":0,"15":0},"f":{"0":0,"1":0,"2":0,"3":0},"b":{"0":[0],"1":[0],"2":[0],"3":[0],"4":[0],"5":[0],"6":[0],"7":[0],"8":[0],"9":[0],"10":[0]}}
,"/Users/PenguinCho/Desktop/react_webpack/src/svg/Head.js": {"path":"/Users/PenguinCho/Desktop/react_webpack/src/svg/Head.js","statementMap":{"0":{"start":{"line":7,"column":36},"end":{"line":7,"column":47}},"1":{"start":{"line":9,"column":15},"end":{"line":18,"column":1}},"2":{"start":{"line":20,"column":22},"end":{"line":20,"column":48}},"3":{"start":{"line":20,"column":30},"end":{"line":20,"column":48}},"4":{"start":{"line":22,"column":27},"end":{"line":101,"column":1}},"5":{"start":{"line":23,"column":40},"end":{"line":23,"column":45}},"6":{"start":{"line":24,"column":2},"end":{"line":100,"column":3}},"7":{"start":{"line":103,"column":27},"end":{"line":154,"column":1}},"8":{"start":{"line":104,"column":54},"end":{"line":104,"column":59}},"9":{"start":{"line":105,"column":23},"end":{"line":105,"column":29}},"10":{"start":{"line":106,"column":2},"end":{"line":153,"column":3}},"11":{"start":{"line":157,"column":4},"end":{"line":157,"column":17}},"12":{"start":{"line":158,"column":4},"end":{"line":163,"column":6}},"13":{"start":{"line":167,"column":4},"end":{"line":172,"column":6}},"14":{"start":{"line":176,"column":43},"end":{"line":176,"column":59}},"15":{"start":{"line":177,"column":42},"end":{"line":177,"column":52}},"16":{"start":{"line":178,"column":65},"end":{"line":178,"column":75}},"17":{"start":{"line":179,"column":4},"end":{"line":179,"column":41}},"18":{"start":{"line":180,"column":4},"end":{"line":232,"column":5}},"19":{"start":{"line":194,"column":24},"end":{"line":194,"column":40}},"20":{"start":{"line":202,"column":24},"end":{"line":202,"column":40}},"21":{"start":{"line":218,"column":24},"end":{"line":218,"column":43}},"22":{"start":{"line":226,"column":24},"end":{"line":226,"column":43}}},"fnMap":{"0":{"name":"(anonymous_0)","decl":{"start":{"line":20,"column":22},"end":{"line":20,"column":23}},"loc":{"start":{"line":20,"column":30},"end":{"line":20,"column":48}},"line":20},"1":{"name":"(anonymous_1)","decl":{"start":{"line":22,"column":27},"end":{"line":22,"column":28}},"loc":{"start":{"line":22,"column":38},"end":{"line":101,"column":1}},"line":22},"2":{"name":"(anonymous_2)","decl":{"start":{"line":103,"column":27},"end":{"line":103,"column":28}},"loc":{"start":{"line":103,"column":38},"end":{"line":154,"column":1}},"line":103},"3":{"name":"(anonymous_3)","decl":{"start":{"line":156,"column":2},"end":{"line":156,"column":3}},"loc":{"start":{"line":156,"column":21},"end":{"line":164,"column":3}},"line":156},"4":{"name":"(anonymous_4)","decl":{"start":{"line":166,"column":22},"end":{"line":166,"column":23}},"loc":{"start":{"line":166,"column":28},"end":{"line":173,"column":3}},"line":166},"5":{"name":"(anonymous_5)","decl":{"start":{"line":175,"column":2},"end":{"line":175,"column":3}},"loc":{"start":{"line":175,"column":11},"end":{"line":233,"column":3}},"line":175},"6":{"name":"(anonymous_6)","decl":{"start":{"line":194,"column":17},"end":{"line":194,"column":18}},"loc":{"start":{"line":194,"column":24},"end":{"line":194,"column":40}},"line":194},"7":{"name":"(anonymous_7)","decl":{"start":{"line":202,"column":17},"end":{"line":202,"column":18}},"loc":{"start":{"line":202,"column":24},"end":{"line":202,"column":40}},"line":202},"8":{"name":"(anonymous_8)","decl":{"start":{"line":218,"column":17},"end":{"line":218,"column":18}},"loc":{"start":{"line":218,"column":24},"end":{"line":218,"column":43}},"line":218},"9":{"name":"(anonymous_9)","decl":{"start":{"line":226,"column":17},"end":{"line":226,"column":18}},"loc":{"start":{"line":226,"column":24},"end":{"line":226,"column":43}},"line":226}},"branchMap":{"0":{"loc":{"start":{"line":39,"column":20},"end":{"line":39,"column":85}},"type":"cond-expr","locations":[{"start":{"line":39,"column":48},"end":{"line":39,"column":65}},{"start":{"line":39,"column":68},"end":{"line":39,"column":85}}],"line":39},"1":{"loc":{"start":{"line":82,"column":17},"end":{"line":82,"column":87}},"type":"cond-expr","locations":[{"start":{"line":82,"column":55},"end":{"line":82,"column":82}},{"start":{"line":82,"column":85},"end":{"line":82,"column":87}}],"line":82},"2":{"loc":{"start":{"line":112,"column":29},"end":{"line":112,"column":83}},"type":"cond-expr","locations":[{"start":{"line":112,"column":56},"end":{"line":112,"column":60}},{"start":{"line":112,"column":63},"end":{"line":112,"column":83}}],"line":112},"3":{"loc":{"start":{"line":125,"column":13},"end":{"line":125,"column":55}},"type":"cond-expr","locations":[{"start":{"line":125,"column":31},"end":{"line":125,"column":50}},{"start":{"line":125,"column":53},"end":{"line":125,"column":55}}],"line":125},"4":{"loc":{"start":{"line":133,"column":17},"end":{"line":133,"column":57}},"type":"cond-expr","locations":[{"start":{"line":133,"column":37},"end":{"line":133,"column":50}},{"start":{"line":133,"column":55},"end":{"line":133,"column":57}}],"line":133},"5":{"loc":{"start":{"line":206,"column":15},"end":{"line":206,"column":85}},"type":"cond-expr","locations":[{"start":{"line":206,"column":53},"end":{"line":206,"column":80}},{"start":{"line":206,"column":83},"end":{"line":206,"column":85}}],"line":206}},"s":{"0":2,"1":2,"2":2,"3":0,"4":2,"5":0,"6":0,"7":2,"8":0,"9":0,"10":0,"11":0,"12":0,"13":0,"14":0,"15":0,"16":0,"17":0,"18":0,"19":0,"20":0,"21":0,"22":0},"f":{"0":0,"1":0,"2":0,"3":0,"4":0,"5":0,"6":0,"7":0,"8":0,"9":0},"b":{"0":[0,0],"1":[0,0],"2":[0,0],"3":[0,0],"4":[0,0],"5":[0,0]},"_coverageSchema":"43e27e138ebf9cfc5966b082cf9a028302ed4184","hash":"2b3e281abe56e4299cf579ac208edcaac3d1f264"}
,"/Users/PenguinCho/Desktop/react_webpack/src/svg/SVGComponents.js": {"path":"/Users/PenguinCho/Desktop/react_webpack/src/svg/SVGComponents.js","statementMap":{"0":{"start":{"line":4,"column":19},"end":{"line":15,"column":1}},"1":{"start":{"line":5,"column":54},"end":{"line":5,"column":59}},"2":{"start":{"line":6,"column":15},"end":{"line":6,"column":78}},"3":{"start":{"line":7,"column":2},"end":{"line":14,"column":3}},"4":{"start":{"line":18,"column":15},"end":{"line":24,"column":1}},"5":{"start":{"line":19,"column":61},"end":{"line":19,"column":66}},"6":{"start":{"line":21,"column":2},"end":{"line":23,"column":4}},"7":{"start":{"line":26,"column":13},"end":{"line":31,"column":1}},"8":{"start":{"line":27,"column":80},"end":{"line":27,"column":85}},"9":{"start":{"line":28,"column":2},"end":{"line":30,"column":3}},"10":{"start":{"line":34,"column":13},"end":{"line":39,"column":1}},"11":{"start":{"line":35,"column":75},"end":{"line":35,"column":80}},"12":{"start":{"line":36,"column":2},"end":{"line":38,"column":4}},"13":{"start":{"line":41,"column":13},"end":{"line":48,"column":1}},"14":{"start":{"line":42,"column":68},"end":{"line":42,"column":73}},"15":{"start":{"line":43,"column":2},"end":{"line":47,"column":3}},"16":{"start":{"line":50,"column":23},"end":{"line":60,"column":1}},"17":{"start":{"line":51,"column":52},"end":{"line":51,"column":57}},"18":{"start":{"line":52,"column":2},"end":{"line":59,"column":3}},"19":{"start":{"line":62,"column":21},"end":{"line":69,"column":1}},"20":{"start":{"line":63,"column":29},"end":{"line":63,"column":34}},"21":{"start":{"line":64,"column":2},"end":{"line":68,"column":3}},"22":{"start":{"line":71,"column":24},"end":{"line":85,"column":1}},"23":{"start":{"line":72,"column":58},"end":{"line":72,"column":63}},"24":{"start":{"line":73,"column":2},"end":{"line":84,"column":3}},"25":{"start":{"line":87,"column":25},"end":{"line":103,"column":1}},"26":{"start":{"line":88,"column":23},"end":{"line":88,"column":28}},"27":{"start":{"line":89,"column":2},"end":{"line":102,"column":3}},"28":{"start":{"line":105,"column":29},"end":{"line":135,"column":1}},"29":{"start":{"line":106,"column":25},"end":{"line":106,"column":30}},"30":{"start":{"line":107,"column":14},"end":{"line":107,"column":19}},"31":{"start":{"line":109,"column":2},"end":{"line":114,"column":3}},"32":{"start":{"line":110,"column":4},"end":{"line":112,"column":5}},"33":{"start":{"line":111,"column":6},"end":{"line":111,"column":25}},"34":{"start":{"line":113,"column":4},"end":{"line":113,"column":23}},"35":{"start":{"line":117,"column":9},"end":{"line":117,"column":24}},"36":{"start":{"line":118,"column":9},"end":{"line":118,"column":24}},"37":{"start":{"line":120,"column":2},"end":{"line":134,"column":3}}},"fnMap":{"0":{"name":"(anonymous_0)","decl":{"start":{"line":4,"column":19},"end":{"line":4,"column":20}},"loc":{"start":{"line":4,"column":30},"end":{"line":15,"column":1}},"line":4},"1":{"name":"(anonymous_1)","decl":{"start":{"line":18,"column":15},"end":{"line":18,"column":16}},"loc":{"start":{"line":18,"column":26},"end":{"line":24,"column":1}},"line":18},"2":{"name":"(anonymous_2)","decl":{"start":{"line":26,"column":13},"end":{"line":26,"column":14}},"loc":{"start":{"line":26,"column":24},"end":{"line":31,"column":1}},"line":26},"3":{"name":"(anonymous_3)","decl":{"start":{"line":34,"column":13},"end":{"line":34,"column":14}},"loc":{"start":{"line":34,"column":24},"end":{"line":39,"column":1}},"line":34},"4":{"name":"(anonymous_4)","decl":{"start":{"line":41,"column":13},"end":{"line":41,"column":14}},"loc":{"start":{"line":41,"column":24},"end":{"line":48,"column":1}},"line":41},"5":{"name":"(anonymous_5)","decl":{"start":{"line":50,"column":23},"end":{"line":50,"column":24}},"loc":{"start":{"line":50,"column":34},"end":{"line":60,"column":1}},"line":50},"6":{"name":"(anonymous_6)","decl":{"start":{"line":62,"column":21},"end":{"line":62,"column":22}},"loc":{"start":{"line":62,"column":32},"end":{"line":69,"column":1}},"line":62},"7":{"name":"(anonymous_7)","decl":{"start":{"line":71,"column":24},"end":{"line":71,"column":25}},"loc":{"start":{"line":71,"column":35},"end":{"line":85,"column":1}},"line":71},"8":{"name":"(anonymous_8)","decl":{"start":{"line":87,"column":25},"end":{"line":87,"column":26}},"loc":{"start":{"line":87,"column":36},"end":{"line":103,"column":1}},"line":87},"9":{"name":"(anonymous_9)","decl":{"start":{"line":105,"column":29},"end":{"line":105,"column":30}},"loc":{"start":{"line":105,"column":40},"end":{"line":135,"column":1}},"line":105}},"branchMap":{"0":{"loc":{"start":{"line":5,"column":26},"end":{"line":5,"column":31}},"type":"default-arg","locations":[{"start":{"line":5,"column":30},"end":{"line":5,"column":31}}],"line":5},"1":{"loc":{"start":{"line":5,"column":33},"end":{"line":5,"column":37}},"type":"default-arg","locations":[{"start":{"line":5,"column":35},"end":{"line":5,"column":37}}],"line":5},"2":{"loc":{"start":{"line":5,"column":39},"end":{"line":5,"column":49}},"type":"default-arg","locations":[{"start":{"line":5,"column":48},"end":{"line":5,"column":49}}],"line":5},"3":{"loc":{"start":{"line":19,"column":10},"end":{"line":19,"column":28}},"type":"default-arg","locations":[{"start":{"line":19,"column":20},"end":{"line":19,"column":28}}],"line":19},"4":{"loc":{"start":{"line":19,"column":30},"end":{"line":19,"column":35}},"type":"default-arg","locations":[{"start":{"line":19,"column":33},"end":{"line":19,"column":35}}],"line":19},"5":{"loc":{"start":{"line":19,"column":37},"end":{"line":19,"column":42}},"type":"default-arg","locations":[{"start":{"line":19,"column":40},"end":{"line":19,"column":42}}],"line":19},"6":{"loc":{"start":{"line":19,"column":44},"end":{"line":19,"column":50}},"type":"default-arg","locations":[{"start":{"line":19,"column":46},"end":{"line":19,"column":50}}],"line":19},"7":{"loc":{"start":{"line":27,"column":10},"end":{"line":27,"column":17}},"type":"default-arg","locations":[{"start":{"line":27,"column":12},"end":{"line":27,"column":17}}],"line":27},"8":{"loc":{"start":{"line":27,"column":19},"end":{"line":27,"column":26}},"type":"default-arg","locations":[{"start":{"line":27,"column":21},"end":{"line":27,"column":26}}],"line":27},"9":{"loc":{"start":{"line":27,"column":28},"end":{"line":27,"column":39}},"type":"default-arg","locations":[{"start":{"line":27,"column":34},"end":{"line":27,"column":39}}],"line":27},"10":{"loc":{"start":{"line":27,"column":41},"end":{"line":27,"column":53}},"type":"default-arg","locations":[{"start":{"line":27,"column":48},"end":{"line":27,"column":53}}],"line":27},"11":{"loc":{"start":{"line":27,"column":55},"end":{"line":27,"column":75}},"type":"default-arg","locations":[{"start":{"line":27,"column":65},"end":{"line":27,"column":75}}],"line":27},"12":{"loc":{"start":{"line":35,"column":10},"end":{"line":35,"column":18}},"type":"default-arg","locations":[{"start":{"line":35,"column":13},"end":{"line":35,"column":18}}],"line":35},"13":{"loc":{"start":{"line":35,"column":20},"end":{"line":35,"column":28}},"type":"default-arg","locations":[{"start":{"line":35,"column":23},"end":{"line":35,"column":28}}],"line":35},"14":{"loc":{"start":{"line":35,"column":30},"end":{"line":35,"column":38}},"type":"default-arg","locations":[{"start":{"line":35,"column":33},"end":{"line":35,"column":38}}],"line":35},"15":{"loc":{"start":{"line":35,"column":40},"end":{"line":35,"column":48}},"type":"default-arg","locations":[{"start":{"line":35,"column":43},"end":{"line":35,"column":48}}],"line":35},"16":{"loc":{"start":{"line":35,"column":50},"end":{"line":35,"column":70}},"type":"default-arg","locations":[{"start":{"line":35,"column":60},"end":{"line":35,"column":70}}],"line":35},"17":{"loc":{"start":{"line":42,"column":10},"end":{"line":42,"column":17}},"type":"default-arg","locations":[{"start":{"line":42,"column":12},"end":{"line":42,"column":17}}],"line":42},"18":{"loc":{"start":{"line":42,"column":19},"end":{"line":42,"column":26}},"type":"default-arg","locations":[{"start":{"line":42,"column":21},"end":{"line":42,"column":26}}],"line":42},"19":{"loc":{"start":{"line":42,"column":28},"end":{"line":42,"column":41}},"type":"default-arg","locations":[{"start":{"line":42,"column":33},"end":{"line":42,"column":41}}],"line":42},"20":{"loc":{"start":{"line":42,"column":43},"end":{"line":42,"column":63}},"type":"default-arg","locations":[{"start":{"line":42,"column":53},"end":{"line":42,"column":63}}],"line":42},"21":{"loc":{"start":{"line":51,"column":10},"end":{"line":51,"column":17}},"type":"default-arg","locations":[{"start":{"line":51,"column":13},"end":{"line":51,"column":17}}],"line":51},"22":{"loc":{"start":{"line":51,"column":19},"end":{"line":51,"column":32}},"type":"default-arg","locations":[{"start":{"line":51,"column":26},"end":{"line":51,"column":32}}],"line":51},"23":{"loc":{"start":{"line":51,"column":34},"end":{"line":51,"column":47}},"type":"default-arg","locations":[{"start":{"line":51,"column":41},"end":{"line":51,"column":47}}],"line":51},"24":{"loc":{"start":{"line":63,"column":16},"end":{"line":63,"column":24}},"type":"default-arg","locations":[{"start":{"line":63,"column":23},"end":{"line":63,"column":24}}],"line":63},"25":{"loc":{"start":{"line":72,"column":10},"end":{"line":72,"column":15}},"type":"default-arg","locations":[{"start":{"line":72,"column":12},"end":{"line":72,"column":15}}],"line":72},"26":{"loc":{"start":{"line":72,"column":17},"end":{"line":72,"column":22}},"type":"default-arg","locations":[{"start":{"line":72,"column":19},"end":{"line":72,"column":22}}],"line":72},"27":{"loc":{"start":{"line":72,"column":24},"end":{"line":72,"column":32}},"type":"default-arg","locations":[{"start":{"line":72,"column":30},"end":{"line":72,"column":32}}],"line":72},"28":{"loc":{"start":{"line":72,"column":34},"end":{"line":72,"column":43}},"type":"default-arg","locations":[{"start":{"line":72,"column":41},"end":{"line":72,"column":43}}],"line":72},"29":{"loc":{"start":{"line":72,"column":45},"end":{"line":72,"column":53}},"type":"default-arg","locations":[{"start":{"line":72,"column":52},"end":{"line":72,"column":53}}],"line":72},"30":{"loc":{"start":{"line":88,"column":10},"end":{"line":88,"column":13}},"type":"default-arg","locations":[{"start":{"line":88,"column":12},"end":{"line":88,"column":13}}],"line":88},"31":{"loc":{"start":{"line":88,"column":15},"end":{"line":88,"column":18}},"type":"default-arg","locations":[{"start":{"line":88,"column":17},"end":{"line":88,"column":18}}],"line":88},"32":{"loc":{"start":{"line":109,"column":2},"end":{"line":114,"column":3}},"type":"if","locations":[{"start":{"line":109,"column":2},"end":{"line":114,"column":3}},{"start":{"line":109,"column":2},"end":{"line":114,"column":3}}],"line":109},"33":{"loc":{"start":{"line":109,"column":5},"end":{"line":109,"column":48}},"type":"binary-expr","locations":[{"start":{"line":109,"column":5},"end":{"line":109,"column":24}},{"start":{"line":109,"column":29},"end":{"line":109,"column":48}}],"line":109},"34":{"loc":{"start":{"line":110,"column":4},"end":{"line":112,"column":5}},"type":"if","locations":[{"start":{"line":110,"column":4},"end":{"line":112,"column":5}},{"start":{"line":110,"column":4},"end":{"line":112,"column":5}}],"line":110},"35":{"loc":{"start":{"line":117,"column":9},"end":{"line":117,"column":24}},"type":"cond-expr","locations":[{"start":{"line":117,"column":18},"end":{"line":117,"column":19}},{"start":{"line":117,"column":22},"end":{"line":117,"column":24}}],"line":117},"36":{"loc":{"start":{"line":118,"column":9},"end":{"line":118,"column":24}},"type":"cond-expr","locations":[{"start":{"line":118,"column":18},"end":{"line":118,"column":19}},{"start":{"line":118,"column":22},"end":{"line":118,"column":24}}],"line":118},"37":{"loc":{"start":{"line":124,"column":12},"end":{"line":124,"column":34}},"type":"cond-expr","locations":[{"start":{"line":124,"column":21},"end":{"line":124,"column":26}},{"start":{"line":124,"column":29},"end":{"line":124,"column":34}}],"line":124},"38":{"loc":{"start":{"line":126,"column":12},"end":{"line":126,"column":42}},"type":"cond-expr","locations":[{"start":{"line":126,"column":21},"end":{"line":126,"column":30}},{"start":{"line":126,"column":33},"end":{"line":126,"column":42}}],"line":126},"39":{"loc":{"start":{"line":128,"column":11},"end":{"line":128,"column":39}},"type":"cond-expr","locations":[{"start":{"line":128,"column":20},"end":{"line":128,"column":28}},{"start":{"line":128,"column":31},"end":{"line":128,"column":39}}],"line":128}},"s":{"0":5,"1":0,"2":0,"3":0,"4":5,"5":0,"6":0,"7":5,"8":0,"9":0,"10":5,"11":0,"12":0,"13":5,"14":0,"15":0,"16":5,"17":0,"18":0,"19":5,"20":0,"21":0,"22":5,"23":0,"24":0,"25":5,"26":0,"27":0,"28":5,"29":0,"30":0,"31":0,"32":0,"33":0,"34":0,"35":0,"36":0,"37":0},"f":{"0":0,"1":0,"2":0,"3":0,"4":0,"5":0,"6":0,"7":0,"8":0,"9":0},"b":{"0":[0],"1":[0],"2":[0],"3":[0],"4":[0],"5":[0],"6":[0],"7":[0],"8":[0],"9":[0],"10":[0],"11":[0],"12":[0],"13":[0],"14":[0],"15":[0],"16":[0],"17":[0],"18":[0],"19":[0],"20":[0],"21":[0],"22":[0],"23":[0],"24":[0],"25":[0],"26":[0],"27":[0],"28":[0],"29":[0],"30":[0],"31":[0],"32":[0,0],"33":[0,0],"34":[0,0],"35":[0,0],"36":[0,0],"37":[0,0],"38":[0,0],"39":[0,0]},"_coverageSchema":"43e27e138ebf9cfc5966b082cf9a028302ed4184","hash":"be5493e6f71e7a6c683b8c8f85e16b242ef2b404"}
,"/Users/PenguinCho/Desktop/react_webpack/src/svg/SVGPaper.js": {"path":"/Users/PenguinCho/Desktop/react_webpack/src/svg/SVGPaper.js","statementMap":{"0":{"start":{"line":12,"column":27},"end":{"line":12,"column":58}},"1":{"start":{"line":13,"column":36},"end":{"line":17,"column":1}},"2":{"start":{"line":14,"column":24},"end":{"line":15,"column":67}},"3":{"start":{"line":14,"column":43},"end":{"line":14,"column":66}},"4":{"start":{"line":15,"column":21},"end":{"line":15,"column":44}},"5":{"start":{"line":16,"column":2},"end":{"line":16,"column":63}},"6":{"start":{"line":18,"column":36},"end":{"line":29,"column":1}},"7":{"start":{"line":19,"column":2},"end":{"line":28,"column":3}},"8":{"start":{"line":21,"column":6},"end":{"line":21,"column":47}},"9":{"start":{"line":23,"column":6},"end":{"line":23,"column":47}},"10":{"start":{"line":25,"column":6},"end":{"line":25,"column":48}},"11":{"start":{"line":27,"column":6},"end":{"line":27,"column":15}},"12":{"start":{"line":31,"column":24},"end":{"line":45,"column":1}},"13":{"start":{"line":32,"column":2},"end":{"line":32,"column":77}},"14":{"start":{"line":33,"column":2},"end":{"line":44,"column":3}},"15":{"start":{"line":38,"column":12},"end":{"line":38,"column":78}},"16":{"start":{"line":49,"column":4},"end":{"line":49,"column":17}},"17":{"start":{"line":53,"column":38},"end":{"line":53,"column":48}},"18":{"start":{"line":54,"column":4},"end":{"line":82,"column":6}},"19":{"start":{"line":88,"column":4},"end":{"line":88,"column":17}},"20":{"start":{"line":92,"column":23},"end":{"line":92,"column":33}},"21":{"start":{"line":93,"column":4},"end":{"line":131,"column":6}},"22":{"start":{"line":137,"column":4},"end":{"line":137,"column":17}},"23":{"start":{"line":140,"column":23},"end":{"line":140,"column":33}},"24":{"start":{"line":141,"column":4},"end":{"line":173,"column":6}}},"fnMap":{"0":{"name":"(anonymous_0)","decl":{"start":{"line":13,"column":36},"end":{"line":13,"column":37}},"loc":{"start":{"line":13,"column":86},"end":{"line":17,"column":1}},"line":13},"1":{"name":"(anonymous_1)","decl":{"start":{"line":14,"column":38},"end":{"line":14,"column":39}},"loc":{"start":{"line":14,"column":43},"end":{"line":14,"column":66}},"line":14},"2":{"name":"(anonymous_2)","decl":{"start":{"line":15,"column":16},"end":{"line":15,"column":17}},"loc":{"start":{"line":15,"column":21},"end":{"line":15,"column":44}},"line":15},"3":{"name":"(anonymous_3)","decl":{"start":{"line":18,"column":36},"end":{"line":18,"column":37}},"loc":{"start":{"line":18,"column":69},"end":{"line":29,"column":1}},"line":18},"4":{"name":"(anonymous_4)","decl":{"start":{"line":31,"column":24},"end":{"line":31,"column":25}},"loc":{"start":{"line":31,"column":99},"end":{"line":45,"column":1}},"line":31},"5":{"name":"(anonymous_5)","decl":{"start":{"line":37,"column":10},"end":{"line":37,"column":11}},"loc":{"start":{"line":38,"column":12},"end":{"line":38,"column":78}},"line":38},"6":{"name":"(anonymous_6)","decl":{"start":{"line":48,"column":2},"end":{"line":48,"column":3}},"loc":{"start":{"line":48,"column":21},"end":{"line":50,"column":3}},"line":48},"7":{"name":"(anonymous_7)","decl":{"start":{"line":52,"column":2},"end":{"line":52,"column":3}},"loc":{"start":{"line":52,"column":11},"end":{"line":83,"column":3}},"line":52},"8":{"name":"(anonymous_8)","decl":{"start":{"line":87,"column":2},"end":{"line":87,"column":3}},"loc":{"start":{"line":87,"column":21},"end":{"line":89,"column":3}},"line":87},"9":{"name":"(anonymous_9)","decl":{"start":{"line":91,"column":2},"end":{"line":91,"column":3}},"loc":{"start":{"line":91,"column":11},"end":{"line":132,"column":3}},"line":91},"10":{"name":"(anonymous_10)","decl":{"start":{"line":136,"column":2},"end":{"line":136,"column":3}},"loc":{"start":{"line":136,"column":21},"end":{"line":138,"column":3}},"line":136},"11":{"name":"(anonymous_11)","decl":{"start":{"line":139,"column":2},"end":{"line":139,"column":3}},"loc":{"start":{"line":139,"column":11},"end":{"line":174,"column":3}},"line":139}},"branchMap":{"0":{"loc":{"start":{"line":13,"column":37},"end":{"line":13,"column":54}},"type":"default-arg","locations":[{"start":{"line":13,"column":46},"end":{"line":13,"column":54}}],"line":13},"1":{"loc":{"start":{"line":13,"column":56},"end":{"line":13,"column":65}},"type":"default-arg","locations":[{"start":{"line":13,"column":63},"end":{"line":13,"column":65}}],"line":13},"2":{"loc":{"start":{"line":13,"column":67},"end":{"line":13,"column":81}},"type":"default-arg","locations":[{"start":{"line":13,"column":77},"end":{"line":13,"column":81}}],"line":13},"3":{"loc":{"start":{"line":14,"column":24},"end":{"line":15,"column":67}},"type":"cond-expr","locations":[{"start":{"line":15,"column":2},"end":{"line":15,"column":58}},{"start":{"line":15,"column":61},"end":{"line":15,"column":67}}],"line":14},"4":{"loc":{"start":{"line":16,"column":9},"end":{"line":16,"column":63}},"type":"cond-expr","locations":[{"start":{"line":16,"column":21},"end":{"line":16,"column":47}},{"start":{"line":16,"column":50},"end":{"line":16,"column":63}}],"line":16},"5":{"loc":{"start":{"line":18,"column":37},"end":{"line":18,"column":54}},"type":"default-arg","locations":[{"start":{"line":18,"column":46},"end":{"line":18,"column":54}}],"line":18},"6":{"loc":{"start":{"line":18,"column":56},"end":{"line":18,"column":64}},"type":"default-arg","locations":[{"start":{"line":18,"column":62},"end":{"line":18,"column":64}}],"line":18},"7":{"loc":{"start":{"line":19,"column":2},"end":{"line":28,"column":3}},"type":"switch","locations":[{"start":{"line":20,"column":4},"end":{"line":21,"column":47}},{"start":{"line":22,"column":4},"end":{"line":23,"column":47}},{"start":{"line":24,"column":4},"end":{"line":25,"column":48}},{"start":{"line":26,"column":4},"end":{"line":27,"column":15}}],"line":19},"8":{"loc":{"start":{"line":31,"column":27},"end":{"line":31,"column":36}},"type":"default-arg","locations":[{"start":{"line":31,"column":34},"end":{"line":31,"column":36}}],"line":31},"9":{"loc":{"start":{"line":31,"column":38},"end":{"line":31,"column":57}},"type":"default-arg","locations":[{"start":{"line":31,"column":56},"end":{"line":31,"column":57}}],"line":31},"10":{"loc":{"start":{"line":31,"column":60},"end":{"line":31,"column":74}},"type":"default-arg","locations":[{"start":{"line":31,"column":70},"end":{"line":31,"column":74}}],"line":31},"11":{"loc":{"start":{"line":31,"column":76},"end":{"line":31,"column":93}},"type":"default-arg","locations":[{"start":{"line":31,"column":85},"end":{"line":31,"column":93}}],"line":31},"12":{"loc":{"start":{"line":35,"column":7},"end":{"line":41,"column":21}},"type":"cond-expr","locations":[{"start":{"line":36,"column":8},"end":{"line":40,"column":9}},{"start":{"line":41,"column":8},"end":{"line":41,"column":21}}],"line":35},"13":{"loc":{"start":{"line":76,"column":20},"end":{"line":76,"column":84}},"type":"cond-expr","locations":[{"start":{"line":76,"column":55},"end":{"line":76,"column":79}},{"start":{"line":76,"column":82},"end":{"line":76,"column":84}}],"line":76}},"s":{"0":2,"1":2,"2":6,"3":8,"4":0,"5":6,"6":2,"7":7,"8":5,"9":1,"10":1,"11":0,"12":2,"13":1,"14":1,"15":4,"16":0,"17":0,"18":0,"19":0,"20":0,"21":0,"22":0,"23":0,"24":0},"f":{"0":6,"1":8,"2":0,"3":7,"4":1,"5":4,"6":0,"7":0,"8":0,"9":0,"10":0,"11":0},"b":{"0":[0],"1":[0],"2":[0],"3":[0,6],"4":[4,2],"5":[0],"6":[0],"7":[5,1,1,0],"8":[0],"9":[0],"10":[0],"11":[0],"12":[1,0],"13":[0,0]},"_coverageSchema":"43e27e138ebf9cfc5966b082cf9a028302ed4184","hash":"b5598cdbaa6950c1c89353fd607360143c30958e"}
,"/Users/PenguinCho/Desktop/react_webpack/src/svg/SideInfo.js": {"path":"/Users/PenguinCho/Desktop/react_webpack/src/svg/SideInfo.js","statementMap":{"0":{"start":{"line":9,"column":27},"end":{"line":9,"column":42}},"1":{"start":{"line":12,"column":15},"end":{"line":18,"column":1}},"2":{"start":{"line":20,"column":15},"end":{"line":35,"column":1}},"3":{"start":{"line":21,"column":57},"end":{"line":21,"column":62}},"4":{"start":{"line":22,"column":23},"end":{"line":22,"column":29}},"5":{"start":{"line":23,"column":2},"end":{"line":34,"column":3}},"6":{"start":{"line":37,"column":29},"end":{"line":65,"column":1}},"7":{"start":{"line":38,"column":72},"end":{"line":38,"column":77}},"8":{"start":{"line":39,"column":34},"end":{"line":39,"column":40}},"9":{"start":{"line":40,"column":14},"end":{"line":40,"column":76}},"10":{"start":{"line":42,"column":2},"end":{"line":64,"column":3}},"11":{"start":{"line":68,"column":31},"end":{"line":111,"column":1}},"12":{"start":{"line":69,"column":2},"end":{"line":110,"column":3}},"13":{"start":{"line":113,"column":32},"end":{"line":135,"column":1}},"14":{"start":{"line":114,"column":27},"end":{"line":114,"column":32}},"15":{"start":{"line":115,"column":21},"end":{"line":115,"column":36}},"16":{"start":{"line":116,"column":2},"end":{"line":134,"column":3}},"17":{"start":{"line":126,"column":8},"end":{"line":131,"column":15}}},"fnMap":{"0":{"name":"(anonymous_0)","decl":{"start":{"line":20,"column":15},"end":{"line":20,"column":16}},"loc":{"start":{"line":20,"column":26},"end":{"line":35,"column":1}},"line":20},"1":{"name":"(anonymous_1)","decl":{"start":{"line":37,"column":29},"end":{"line":37,"column":30}},"loc":{"start":{"line":37,"column":40},"end":{"line":65,"column":1}},"line":37},"2":{"name":"(anonymous_2)","decl":{"start":{"line":68,"column":31},"end":{"line":68,"column":32}},"loc":{"start":{"line":68,"column":37},"end":{"line":111,"column":1}},"line":68},"3":{"name":"(anonymous_3)","decl":{"start":{"line":113,"column":32},"end":{"line":113,"column":33}},"loc":{"start":{"line":113,"column":43},"end":{"line":135,"column":1}},"line":113},"4":{"name":"(anonymous_4)","decl":{"start":{"line":125,"column":22},"end":{"line":125,"column":23}},"loc":{"start":{"line":126,"column":8},"end":{"line":131,"column":15}},"line":126}},"branchMap":{"0":{"loc":{"start":{"line":21,"column":10},"end":{"line":21,"column":13}},"type":"default-arg","locations":[{"start":{"line":21,"column":12},"end":{"line":21,"column":13}}],"line":21},"1":{"loc":{"start":{"line":21,"column":15},"end":{"line":21,"column":18}},"type":"default-arg","locations":[{"start":{"line":21,"column":17},"end":{"line":21,"column":18}}],"line":21},"2":{"loc":{"start":{"line":21,"column":20},"end":{"line":21,"column":28}},"type":"default-arg","locations":[{"start":{"line":21,"column":26},"end":{"line":21,"column":28}}],"line":21},"3":{"loc":{"start":{"line":21,"column":30},"end":{"line":21,"column":41}},"type":"default-arg","locations":[{"start":{"line":21,"column":35},"end":{"line":21,"column":41}}],"line":21},"4":{"loc":{"start":{"line":21,"column":43},"end":{"line":21,"column":52}},"type":"default-arg","locations":[{"start":{"line":21,"column":50},"end":{"line":21,"column":52}}],"line":21},"5":{"loc":{"start":{"line":38,"column":10},"end":{"line":38,"column":13}},"type":"default-arg","locations":[{"start":{"line":38,"column":12},"end":{"line":38,"column":13}}],"line":38},"6":{"loc":{"start":{"line":38,"column":15},"end":{"line":38,"column":18}},"type":"default-arg","locations":[{"start":{"line":38,"column":17},"end":{"line":38,"column":18}}],"line":38},"7":{"loc":{"start":{"line":38,"column":20},"end":{"line":38,"column":28}},"type":"default-arg","locations":[{"start":{"line":38,"column":26},"end":{"line":38,"column":28}}],"line":38},"8":{"loc":{"start":{"line":38,"column":30},"end":{"line":38,"column":52}},"type":"default-arg","locations":[{"start":{"line":38,"column":35},"end":{"line":38,"column":52}}],"line":38},"9":{"loc":{"start":{"line":38,"column":54},"end":{"line":38,"column":67}},"type":"default-arg","locations":[{"start":{"line":38,"column":62},"end":{"line":38,"column":67}}],"line":38}},"s":{"0":2,"1":2,"2":2,"3":0,"4":0,"5":0,"6":2,"7":0,"8":0,"9":0,"10":0,"11":2,"12":0,"13":2,"14":0,"15":0,"16":0,"17":0},"f":{"0":0,"1":0,"2":0,"3":0,"4":0},"b":{"0":[0],"1":[0],"2":[0],"3":[0],"4":[0],"5":[0],"6":[0],"7":[0],"8":[0],"9":[0]},"_coverageSchema":"43e27e138ebf9cfc5966b082cf9a028302ed4184","hash":"df62354a7efb9cb5829cbd36a6ae7ccb373d70c7"}
,"/Users/PenguinCho/Desktop/react_webpack/src/svg/SingleStopLine.js": {"path":"/Users/PenguinCho/Desktop/react_webpack/src/svg/SingleStopLine.js","statementMap":{"0":{"start":{"line":8,"column":40},"end":{"line":8,"column":45}},"1":{"start":{"line":10,"column":27},"end":{"line":27,"column":1}},"2":{"start":{"line":11,"column":21},"end":{"line":11,"column":35}},"3":{"start":{"line":12,"column":2},"end":{"line":26,"column":3}},"4":{"start":{"line":13,"column":4},"end":{"line":13,"column":16}},"5":{"start":{"line":14,"column":9},"end":{"line":26,"column":3}},"6":{"start":{"line":15,"column":4},"end":{"line":19,"column":5}},"7":{"start":{"line":16,"column":6},"end":{"line":16,"column":21}},"8":{"start":{"line":17,"column":11},"end":{"line":19,"column":5}},"9":{"start":{"line":18,"column":6},"end":{"line":18,"column":18}},"10":{"start":{"line":21,"column":4},"end":{"line":25,"column":5}},"11":{"start":{"line":22,"column":6},"end":{"line":22,"column":21}},"12":{"start":{"line":23,"column":11},"end":{"line":25,"column":5}},"13":{"start":{"line":24,"column":6},"end":{"line":24,"column":21}},"14":{"start":{"line":28,"column":38},"end":{"line":32,"column":1}},"15":{"start":{"line":29,"column":2},"end":{"line":31,"column":40}},"16":{"start":{"line":35,"column":16},"end":{"line":35,"column":28}},"17":{"start":{"line":36,"column":22},"end":{"line":36,"column":31}},"18":{"start":{"line":37,"column":22},"end":{"line":37,"column":41}},"19":{"start":{"line":38,"column":13},"end":{"line":38,"column":49}},"20":{"start":{"line":40,"column":2},"end":{"line":67,"column":3}},"21":{"start":{"line":55,"column":10},"end":{"line":63,"column":11}},"22":{"start":{"line":70,"column":16},"end":{"line":70,"column":28}},"23":{"start":{"line":71,"column":23},"end":{"line":71,"column":68}},"24":{"start":{"line":72,"column":22},"end":{"line":72,"column":31}},"25":{"start":{"line":73,"column":22},"end":{"line":73,"column":41}},"26":{"start":{"line":74,"column":13},"end":{"line":74,"column":49}},"27":{"start":{"line":75,"column":2},"end":{"line":104,"column":3}},"28":{"start":{"line":89,"column":10},"end":{"line":100,"column":11}},"29":{"start":{"line":108,"column":36},"end":{"line":117,"column":1}},"30":{"start":{"line":108,"column":66},"end":{"line":117,"column":1}},"31":{"start":{"line":110,"column":4},"end":{"line":110,"column":17}},"32":{"start":{"line":113,"column":4},"end":{"line":115,"column":6}},"33":{"start":{"line":118,"column":28},"end":{"line":118,"column":73}},"34":{"start":{"line":119,"column":29},"end":{"line":119,"column":76}}},"fnMap":{"0":{"name":"(anonymous_0)","decl":{"start":{"line":10,"column":27},"end":{"line":10,"column":28}},"loc":{"start":{"line":10,"column":62},"end":{"line":27,"column":1}},"line":10},"1":{"name":"(anonymous_1)","decl":{"start":{"line":28,"column":38},"end":{"line":28,"column":39}},"loc":{"start":{"line":29,"column":2},"end":{"line":31,"column":40}},"line":29},"2":{"name":"Route","decl":{"start":{"line":34,"column":16},"end":{"line":34,"column":21}},"loc":{"start":{"line":34,"column":99},"end":{"line":68,"column":1}},"line":34},"3":{"name":"(anonymous_3)","decl":{"start":{"line":54,"column":18},"end":{"line":54,"column":19}},"loc":{"start":{"line":54,"column":24},"end":{"line":64,"column":9}},"line":54},"4":{"name":"RouteWithEngStops","decl":{"start":{"line":69,"column":16},"end":{"line":69,"column":33}},"loc":{"start":{"line":69,"column":135},"end":{"line":105,"column":1}},"line":69},"5":{"name":"(anonymous_5)","decl":{"start":{"line":88,"column":18},"end":{"line":88,"column":19}},"loc":{"start":{"line":88,"column":24},"end":{"line":101,"column":9}},"line":88},"6":{"name":"(anonymous_6)","decl":{"start":{"line":108,"column":36},"end":{"line":108,"column":37}},"loc":{"start":{"line":108,"column":66},"end":{"line":117,"column":1}},"line":108},"7":{"name":"(anonymous_7)","decl":{"start":{"line":109,"column":2},"end":{"line":109,"column":3}},"loc":{"start":{"line":109,"column":21},"end":{"line":111,"column":3}},"line":109},"8":{"name":"(anonymous_8)","decl":{"start":{"line":112,"column":2},"end":{"line":112,"column":3}},"loc":{"start":{"line":112,"column":11},"end":{"line":116,"column":3}},"line":112}},"branchMap":{"0":{"loc":{"start":{"line":10,"column":28},"end":{"line":10,"column":40}},"type":"default-arg","locations":[{"start":{"line":10,"column":39},"end":{"line":10,"column":40}}],"line":10},"1":{"loc":{"start":{"line":10,"column":42},"end":{"line":10,"column":46}},"type":"default-arg","locations":[{"start":{"line":10,"column":45},"end":{"line":10,"column":46}}],"line":10},"2":{"loc":{"start":{"line":10,"column":48},"end":{"line":10,"column":57}},"type":"default-arg","locations":[{"start":{"line":10,"column":55},"end":{"line":10,"column":57}}],"line":10},"3":{"loc":{"start":{"line":12,"column":2},"end":{"line":26,"column":3}},"type":"if","locations":[{"start":{"line":12,"column":2},"end":{"line":26,"column":3}},{"start":{"line":12,"column":2},"end":{"line":26,"column":3}}],"line":12},"4":{"loc":{"start":{"line":14,"column":9},"end":{"line":26,"column":3}},"type":"if","locations":[{"start":{"line":14,"column":9},"end":{"line":26,"column":3}},{"start":{"line":14,"column":9},"end":{"line":26,"column":3}}],"line":14},"5":{"loc":{"start":{"line":15,"column":4},"end":{"line":19,"column":5}},"type":"if","locations":[{"start":{"line":15,"column":4},"end":{"line":19,"column":5}},{"start":{"line":15,"column":4},"end":{"line":19,"column":5}}],"line":15},"6":{"loc":{"start":{"line":17,"column":11},"end":{"line":19,"column":5}},"type":"if","locations":[{"start":{"line":17,"column":11},"end":{"line":19,"column":5}},{"start":{"line":17,"column":11},"end":{"line":19,"column":5}}],"line":17},"7":{"loc":{"start":{"line":21,"column":4},"end":{"line":25,"column":5}},"type":"if","locations":[{"start":{"line":21,"column":4},"end":{"line":25,"column":5}},{"start":{"line":21,"column":4},"end":{"line":25,"column":5}}],"line":21},"8":{"loc":{"start":{"line":23,"column":11},"end":{"line":25,"column":5}},"type":"if","locations":[{"start":{"line":23,"column":11},"end":{"line":25,"column":5}},{"start":{"line":23,"column":11},"end":{"line":25,"column":5}}],"line":23},"9":{"loc":{"start":{"line":29,"column":2},"end":{"line":31,"column":40}},"type":"cond-expr","locations":[{"start":{"line":30,"column":2},"end":{"line":30,"column":40}},{"start":{"line":31,"column":2},"end":{"line":31,"column":40}}],"line":29},"10":{"loc":{"start":{"line":34,"column":24},"end":{"line":34,"column":41}},"type":"default-arg","locations":[{"start":{"line":34,"column":34},"end":{"line":34,"column":41}}],"line":34},"11":{"loc":{"start":{"line":34,"column":43},"end":{"line":34,"column":51}},"type":"default-arg","locations":[{"start":{"line":34,"column":49},"end":{"line":34,"column":51}}],"line":34},"12":{"loc":{"start":{"line":34,"column":53},"end":{"line":34,"column":58}},"type":"default-arg","locations":[{"start":{"line":34,"column":55},"end":{"line":34,"column":58}}],"line":34},"13":{"loc":{"start":{"line":34,"column":60},"end":{"line":34,"column":65}},"type":"default-arg","locations":[{"start":{"line":34,"column":62},"end":{"line":34,"column":65}}],"line":34},"14":{"loc":{"start":{"line":34,"column":67},"end":{"line":34,"column":76}},"type":"default-arg","locations":[{"start":{"line":34,"column":73},"end":{"line":34,"column":76}}],"line":34},"15":{"loc":{"start":{"line":34,"column":78},"end":{"line":34,"column":94}},"type":"default-arg","locations":[{"start":{"line":34,"column":93},"end":{"line":34,"column":94}}],"line":34},"16":{"loc":{"start":{"line":38,"column":13},"end":{"line":38,"column":49}},"type":"cond-expr","locations":[{"start":{"line":38,"column":37},"end":{"line":38,"column":41}},{"start":{"line":38,"column":44},"end":{"line":38,"column":49}}],"line":38},"17":{"loc":{"start":{"line":43,"column":11},"end":{"line":43,"column":32}},"type":"cond-expr","locations":[{"start":{"line":43,"column":17},"end":{"line":43,"column":23}},{"start":{"line":43,"column":26},"end":{"line":43,"column":32}}],"line":43},"18":{"loc":{"start":{"line":45,"column":17},"end":{"line":45,"column":40}},"type":"cond-expr","locations":[{"start":{"line":45,"column":23},"end":{"line":45,"column":26}},{"start":{"line":45,"column":29},"end":{"line":45,"column":40}}],"line":45},"19":{"loc":{"start":{"line":50,"column":15},"end":{"line":50,"column":79}},"type":"cond-expr","locations":[{"start":{"line":50,"column":21},"end":{"line":50,"column":48}},{"start":{"line":50,"column":51},"end":{"line":50,"column":79}}],"line":50},"20":{"loc":{"start":{"line":69,"column":36},"end":{"line":69,"column":53}},"type":"default-arg","locations":[{"start":{"line":69,"column":46},"end":{"line":69,"column":53}}],"line":69},"21":{"loc":{"start":{"line":69,"column":55},"end":{"line":69,"column":63}},"type":"default-arg","locations":[{"start":{"line":69,"column":61},"end":{"line":69,"column":63}}],"line":69},"22":{"loc":{"start":{"line":69,"column":65},"end":{"line":69,"column":70}},"type":"default-arg","locations":[{"start":{"line":69,"column":67},"end":{"line":69,"column":70}}],"line":69},"23":{"loc":{"start":{"line":69,"column":72},"end":{"line":69,"column":77}},"type":"default-arg","locations":[{"start":{"line":69,"column":74},"end":{"line":69,"column":77}}],"line":69},"24":{"loc":{"start":{"line":69,"column":79},"end":{"line":69,"column":88}},"type":"default-arg","locations":[{"start":{"line":69,"column":85},"end":{"line":69,"column":88}}],"line":69},"25":{"loc":{"start":{"line":69,"column":90},"end":{"line":69,"column":106}},"type":"default-arg","locations":[{"start":{"line":69,"column":105},"end":{"line":69,"column":106}}],"line":69},"26":{"loc":{"start":{"line":69,"column":108},"end":{"line":69,"column":116}},"type":"default-arg","locations":[{"start":{"line":69,"column":114},"end":{"line":69,"column":116}}],"line":69},"27":{"loc":{"start":{"line":69,"column":118},"end":{"line":69,"column":131}},"type":"default-arg","locations":[{"start":{"line":69,"column":127},"end":{"line":69,"column":131}}],"line":69},"28":{"loc":{"start":{"line":71,"column":23},"end":{"line":71,"column":68}},"type":"cond-expr","locations":[{"start":{"line":71,"column":46},"end":{"line":71,"column":60}},{"start":{"line":71,"column":63},"end":{"line":71,"column":68}}],"line":71},"29":{"loc":{"start":{"line":74,"column":13},"end":{"line":74,"column":49}},"type":"cond-expr","locations":[{"start":{"line":74,"column":37},"end":{"line":74,"column":41}},{"start":{"line":74,"column":44},"end":{"line":74,"column":49}}],"line":74},"30":{"loc":{"start":{"line":81,"column":12},"end":{"line":83,"column":38}},"type":"cond-expr","locations":[{"start":{"line":82,"column":12},"end":{"line":82,"column":37}},{"start":{"line":83,"column":12},"end":{"line":83,"column":38}}],"line":81}},"s":{"0":4,"1":4,"2":15,"3":15,"4":3,"5":12,"6":2,"7":1,"8":1,"9":1,"10":10,"11":9,"12":1,"13":1,"14":4,"15":12,"16":1,"17":1,"18":1,"19":1,"20":1,"21":2,"22":3,"23":3,"24":3,"25":3,"26":3,"27":3,"28":7,"29":4,"30":8,"31":2,"32":2,"33":4,"34":4},"f":{"0":15,"1":12,"2":1,"3":2,"4":3,"5":7,"6":8,"7":2,"8":2},"b":{"0":[0],"1":[0],"2":[5],"3":[3,12],"4":[2,10],"5":[1,1],"6":[1,0],"7":[9,1],"8":[1,0],"9":[8,4],"10":[0],"11":[0],"12":[1],"13":[1],"14":[1],"15":[1],"16":[1,0],"17":[1,0],"18":[1,0],"19":[1,0],"20":[0],"21":[0],"22":[2],"23":[3],"24":[3],"25":[3],"26":[3],"27":[3],"28":[0,3],"29":[2,1],"30":[2,1]},"_coverageSchema":"43e27e138ebf9cfc5966b082cf9a028302ed4184","hash":"b1971281aad29749f82dbd5a0631b12a02ad2de6"}
,"/Users/PenguinCho/Desktop/react_webpack/src/svg/Stop.js": {"path":"/Users/PenguinCho/Desktop/react_webpack/src/svg/Stop.js","statementMap":{"0":{"start":{"line":6,"column":24},"end":{"line":6,"column":30}},"1":{"start":{"line":23,"column":32},"end":{"line":32,"column":1}},"2":{"start":{"line":24,"column":2},"end":{"line":31,"column":3}},"3":{"start":{"line":28,"column":6},"end":{"line":28,"column":60}},"4":{"start":{"line":30,"column":6},"end":{"line":30,"column":55}},"5":{"start":{"line":33,"column":28},"end":{"line":41,"column":1}},"6":{"start":{"line":34,"column":2},"end":{"line":40,"column":4}},"7":{"start":{"line":42,"column":23},"end":{"line":49,"column":1}},"8":{"start":{"line":43,"column":2},"end":{"line":48,"column":4}},"9":{"start":{"line":50,"column":26},"end":{"line":57,"column":1}},"10":{"start":{"line":51,"column":2},"end":{"line":56,"column":4}},"11":{"start":{"line":59,"column":24},"end":{"line":67,"column":1}},"12":{"start":{"line":60,"column":2},"end":{"line":66,"column":3}},"13":{"start":{"line":61,"column":4},"end":{"line":63,"column":32}},"14":{"start":{"line":64,"column":9},"end":{"line":66,"column":3}},"15":{"start":{"line":65,"column":4},"end":{"line":65,"column":24}},"16":{"start":{"line":68,"column":27},"end":{"line":90,"column":1}},"17":{"start":{"line":70,"column":19},"end":{"line":75,"column":6}},"18":{"start":{"line":76,"column":19},"end":{"line":82,"column":6}},"19":{"start":{"line":84,"column":2},"end":{"line":89,"column":3}},"20":{"start":{"line":93,"column":20},"end":{"line":119,"column":1}},"21":{"start":{"line":94,"column":70},"end":{"line":94,"column":75}},"22":{"start":{"line":96,"column":2},"end":{"line":118,"column":3}},"23":{"start":{"line":122,"column":4},"end":{"line":122,"column":17}},"24":{"start":{"line":123,"column":4},"end":{"line":127,"column":6}},"25":{"start":{"line":131,"column":27},"end":{"line":131,"column":59}},"26":{"start":{"line":132,"column":26},"end":{"line":132,"column":57}},"27":{"start":{"line":133,"column":30},"end":{"line":133,"column":65}},"28":{"start":{"line":134,"column":4},"end":{"line":138,"column":6}},"29":{"start":{"line":142,"column":114},"end":{"line":142,"column":124}},"30":{"start":{"line":143,"column":51},"end":{"line":143,"column":61}},"31":{"start":{"line":144,"column":31},"end":{"line":144,"column":51}},"32":{"start":{"line":146,"column":4},"end":{"line":168,"column":6}},"33":{"start":{"line":153,"column":22},"end":{"line":153,"column":41}},"34":{"start":{"line":163,"column":22},"end":{"line":163,"column":44}}},"fnMap":{"0":{"name":"(anonymous_0)","decl":{"start":{"line":23,"column":32},"end":{"line":23,"column":33}},"loc":{"start":{"line":23,"column":77},"end":{"line":32,"column":1}},"line":23},"1":{"name":"(anonymous_1)","decl":{"start":{"line":33,"column":28},"end":{"line":33,"column":29}},"loc":{"start":{"line":34,"column":2},"end":{"line":40,"column":4}},"line":34},"2":{"name":"(anonymous_2)","decl":{"start":{"line":42,"column":23},"end":{"line":42,"column":24}},"loc":{"start":{"line":43,"column":2},"end":{"line":48,"column":4}},"line":43},"3":{"name":"(anonymous_3)","decl":{"start":{"line":50,"column":26},"end":{"line":50,"column":27}},"loc":{"start":{"line":51,"column":2},"end":{"line":56,"column":4}},"line":51},"4":{"name":"(anonymous_4)","decl":{"start":{"line":59,"column":24},"end":{"line":59,"column":25}},"loc":{"start":{"line":59,"column":93},"end":{"line":67,"column":1}},"line":59},"5":{"name":"(anonymous_5)","decl":{"start":{"line":68,"column":27},"end":{"line":68,"column":28}},"loc":{"start":{"line":68,"column":122},"end":{"line":90,"column":1}},"line":68},"6":{"name":"(anonymous_6)","decl":{"start":{"line":93,"column":20},"end":{"line":93,"column":21}},"loc":{"start":{"line":93,"column":31},"end":{"line":119,"column":1}},"line":93},"7":{"name":"(anonymous_7)","decl":{"start":{"line":121,"column":2},"end":{"line":121,"column":3}},"loc":{"start":{"line":121,"column":21},"end":{"line":128,"column":3}},"line":121},"8":{"name":"(anonymous_8)","decl":{"start":{"line":130,"column":22},"end":{"line":130,"column":23}},"loc":{"start":{"line":130,"column":28},"end":{"line":139,"column":3}},"line":130},"9":{"name":"(anonymous_9)","decl":{"start":{"line":141,"column":2},"end":{"line":141,"column":3}},"loc":{"start":{"line":141,"column":11},"end":{"line":169,"column":3}},"line":141},"10":{"name":"(anonymous_10)","decl":{"start":{"line":153,"column":15},"end":{"line":153,"column":16}},"loc":{"start":{"line":153,"column":22},"end":{"line":153,"column":41}},"line":153},"11":{"name":"(anonymous_11)","decl":{"start":{"line":163,"column":15},"end":{"line":163,"column":16}},"loc":{"start":{"line":163,"column":22},"end":{"line":163,"column":44}},"line":163}},"branchMap":{"0":{"loc":{"start":{"line":23,"column":33},"end":{"line":23,"column":50}},"type":"default-arg","locations":[{"start":{"line":23,"column":42},"end":{"line":23,"column":50}}],"line":23},"1":{"loc":{"start":{"line":23,"column":52},"end":{"line":23,"column":72}},"type":"default-arg","locations":[{"start":{"line":23,"column":66},"end":{"line":23,"column":72}}],"line":23},"2":{"loc":{"start":{"line":24,"column":2},"end":{"line":31,"column":3}},"type":"switch","locations":[{"start":{"line":25,"column":4},"end":{"line":25,"column":18}},{"start":{"line":26,"column":4},"end":{"line":26,"column":15}},{"start":{"line":27,"column":4},"end":{"line":28,"column":60}},{"start":{"line":29,"column":4},"end":{"line":30,"column":55}}],"line":24},"3":{"loc":{"start":{"line":46,"column":16},"end":{"line":46,"column":67}},"type":"cond-expr","locations":[{"start":{"line":46,"column":39},"end":{"line":46,"column":62}},{"start":{"line":46,"column":65},"end":{"line":46,"column":67}}],"line":46},"4":{"loc":{"start":{"line":59,"column":25},"end":{"line":59,"column":39}},"type":"default-arg","locations":[{"start":{"line":59,"column":34},"end":{"line":59,"column":39}}],"line":59},"5":{"loc":{"start":{"line":59,"column":41},"end":{"line":59,"column":44}},"type":"default-arg","locations":[{"start":{"line":59,"column":43},"end":{"line":59,"column":44}}],"line":59},"6":{"loc":{"start":{"line":59,"column":46},"end":{"line":59,"column":59}},"type":"default-arg","locations":[{"start":{"line":59,"column":55},"end":{"line":59,"column":59}}],"line":59},"7":{"loc":{"start":{"line":59,"column":61},"end":{"line":59,"column":72}},"type":"default-arg","locations":[{"start":{"line":59,"column":71},"end":{"line":59,"column":72}}],"line":59},"8":{"loc":{"start":{"line":59,"column":74},"end":{"line":59,"column":88}},"type":"default-arg","locations":[{"start":{"line":59,"column":87},"end":{"line":59,"column":88}}],"line":59},"9":{"loc":{"start":{"line":60,"column":2},"end":{"line":66,"column":3}},"type":"if","locations":[{"start":{"line":60,"column":2},"end":{"line":66,"column":3}},{"start":{"line":60,"column":2},"end":{"line":66,"column":3}}],"line":60},"10":{"loc":{"start":{"line":61,"column":11},"end":{"line":63,"column":32}},"type":"cond-expr","locations":[{"start":{"line":62,"column":7},"end":{"line":62,"column":32}},{"start":{"line":63,"column":7},"end":{"line":63,"column":31}}],"line":61},"11":{"loc":{"start":{"line":64,"column":9},"end":{"line":66,"column":3}},"type":"if","locations":[{"start":{"line":64,"column":9},"end":{"line":66,"column":3}},{"start":{"line":64,"column":9},"end":{"line":66,"column":3}}],"line":64},"12":{"loc":{"start":{"line":68,"column":29},"end":{"line":68,"column":40}},"type":"default-arg","locations":[{"start":{"line":68,"column":38},"end":{"line":68,"column":40}}],"line":68},"13":{"loc":{"start":{"line":68,"column":42},"end":{"line":68,"column":53}},"type":"default-arg","locations":[{"start":{"line":68,"column":52},"end":{"line":68,"column":53}}],"line":68},"14":{"loc":{"start":{"line":68,"column":55},"end":{"line":68,"column":72}},"type":"default-arg","locations":[{"start":{"line":68,"column":64},"end":{"line":68,"column":72}}],"line":68},"15":{"loc":{"start":{"line":68,"column":74},"end":{"line":68,"column":90}},"type":"default-arg","locations":[{"start":{"line":68,"column":84},"end":{"line":68,"column":90}}],"line":68},"16":{"loc":{"start":{"line":68,"column":92},"end":{"line":68,"column":101}},"type":"default-arg","locations":[{"start":{"line":68,"column":100},"end":{"line":68,"column":101}}],"line":68},"17":{"loc":{"start":{"line":68,"column":103},"end":{"line":68,"column":116}},"type":"default-arg","locations":[{"start":{"line":68,"column":112},"end":{"line":68,"column":116}}],"line":68},"18":{"loc":{"start":{"line":70,"column":19},"end":{"line":75,"column":6}},"type":"cond-expr","locations":[{"start":{"line":71,"column":4},"end":{"line":74,"column":6}},{"start":{"line":75,"column":4},"end":{"line":75,"column":6}}],"line":70},"19":{"loc":{"start":{"line":76,"column":19},"end":{"line":82,"column":6}},"type":"cond-expr","locations":[{"start":{"line":77,"column":4},"end":{"line":77,"column":37}},{"start":{"line":78,"column":4},"end":{"line":82,"column":6}}],"line":76},"20":{"loc":{"start":{"line":86,"column":7},"end":{"line":86,"column":40}},"type":"cond-expr","locations":[{"start":{"line":86,"column":27},"end":{"line":86,"column":35}},{"start":{"line":86,"column":38},"end":{"line":86,"column":40}}],"line":86},"21":{"loc":{"start":{"line":94,"column":10},"end":{"line":94,"column":13}},"type":"default-arg","locations":[{"start":{"line":94,"column":12},"end":{"line":94,"column":13}}],"line":94},"22":{"loc":{"start":{"line":94,"column":15},"end":{"line":94,"column":18}},"type":"default-arg","locations":[{"start":{"line":94,"column":17},"end":{"line":94,"column":18}}],"line":94},"23":{"loc":{"start":{"line":94,"column":20},"end":{"line":94,"column":37}},"type":"default-arg","locations":[{"start":{"line":94,"column":29},"end":{"line":94,"column":37}}],"line":94},"24":{"loc":{"start":{"line":94,"column":39},"end":{"line":94,"column":52}},"type":"default-arg","locations":[{"start":{"line":94,"column":48},"end":{"line":94,"column":52}}],"line":94},"25":{"loc":{"start":{"line":94,"column":54},"end":{"line":94,"column":63}},"type":"default-arg","locations":[{"start":{"line":94,"column":62},"end":{"line":94,"column":63}}],"line":94},"26":{"loc":{"start":{"line":104,"column":7},"end":{"line":110,"column":15}},"type":"cond-expr","locations":[{"start":{"line":105,"column":8},"end":{"line":110,"column":10}},{"start":{"line":110,"column":13},"end":{"line":110,"column":15}}],"line":104},"27":{"loc":{"start":{"line":142,"column":12},"end":{"line":142,"column":15}},"type":"default-arg","locations":[{"start":{"line":142,"column":14},"end":{"line":142,"column":15}}],"line":142},"28":{"loc":{"start":{"line":142,"column":17},"end":{"line":142,"column":20}},"type":"default-arg","locations":[{"start":{"line":142,"column":19},"end":{"line":142,"column":20}}],"line":142},"29":{"loc":{"start":{"line":142,"column":22},"end":{"line":142,"column":39}},"type":"default-arg","locations":[{"start":{"line":142,"column":31},"end":{"line":142,"column":39}}],"line":142},"30":{"loc":{"start":{"line":142,"column":41},"end":{"line":142,"column":54}},"type":"default-arg","locations":[{"start":{"line":142,"column":50},"end":{"line":142,"column":54}}],"line":142},"31":{"loc":{"start":{"line":142,"column":56},"end":{"line":142,"column":77}},"type":"default-arg","locations":[{"start":{"line":142,"column":68},"end":{"line":142,"column":77}}],"line":142},"32":{"loc":{"start":{"line":142,"column":79},"end":{"line":142,"column":88}},"type":"default-arg","locations":[{"start":{"line":142,"column":87},"end":{"line":142,"column":88}}],"line":142}},"s":{"0":5,"1":5,"2":8,"3":6,"4":2,"5":5,"6":0,"7":5,"8":0,"9":5,"10":0,"11":5,"12":3,"13":2,"14":1,"15":1,"16":5,"17":4,"18":4,"19":4,"20":5,"21":3,"22":3,"23":0,"24":0,"25":0,"26":0,"27":0,"28":0,"29":0,"30":0,"31":0,"32":0,"33":0,"34":0},"f":{"0":8,"1":0,"2":0,"3":0,"4":3,"5":4,"6":3,"7":0,"8":0,"9":0,"10":0,"11":0},"b":{"0":[0],"1":[0],"2":[3,3,6,2],"3":[0,0],"4":[0],"5":[0],"6":[0],"7":[0],"8":[0],"9":[2,1],"10":[1,1],"11":[1,0],"12":[1],"13":[4],"14":[3],"15":[4],"16":[4],"17":[3],"18":[2,2],"19":[1,3],"20":[3,1],"21":[3],"22":[3],"23":[0],"24":[3],"25":[3],"26":[1,2],"27":[0],"28":[0],"29":[0],"30":[0],"31":[0],"32":[0]},"_coverageSchema":"43e27e138ebf9cfc5966b082cf9a028302ed4184","hash":"1c46bee68593767ab7a0c00ebcb9849aadd9e95d"}
,"/Users/PenguinCho/Desktop/react_webpack/src/svg/StopLine.js": {"path":"/Users/PenguinCho/Desktop/react_webpack/src/svg/StopLine.js","statementMap":{"0":{"start":{"line":7,"column":49},"end":{"line":7,"column":62}},"1":{"start":{"line":9,"column":25},"end":{"line":14,"column":1}},"2":{"start":{"line":10,"column":12},"end":{"line":10,"column":14}},"3":{"start":{"line":11,"column":2},"end":{"line":13,"column":3}},"4":{"start":{"line":11,"column":15},"end":{"line":11,"column":16}},"5":{"start":{"line":12,"column":4},"end":{"line":12,"column":25}},"6":{"start":{"line":13,"column":4},"end":{"line":13,"column":14}},"7":{"start":{"line":15,"column":24},"end":{"line":15,"column":79}},"8":{"start":{"line":15,"column":36},"end":{"line":15,"column":78}},"9":{"start":{"line":16,"column":28},"end":{"line":16,"column":129}},"10":{"start":{"line":16,"column":70},"end":{"line":16,"column":127}},"11":{"start":{"line":17,"column":30},"end":{"line":21,"column":1}},"12":{"start":{"line":18,"column":2},"end":{"line":20,"column":65}},"13":{"start":{"line":23,"column":34},"end":{"line":36,"column":1}},"14":{"start":{"line":24,"column":2},"end":{"line":35,"column":4}},"15":{"start":{"line":38,"column":30},"end":{"line":73,"column":1}},"16":{"start":{"line":38,"column":78},"end":{"line":73,"column":1}},"17":{"start":{"line":40,"column":4},"end":{"line":40,"column":16}},"18":{"start":{"line":43,"column":29},"end":{"line":43,"column":39}},"19":{"start":{"line":44,"column":18},"end":{"line":44,"column":34}},"20":{"start":{"line":45,"column":18},"end":{"line":45,"column":33}},"21":{"start":{"line":46,"column":25},"end":{"line":46,"column":49}},"22":{"start":{"line":47,"column":27},"end":{"line":47,"column":48}},"23":{"start":{"line":48,"column":27},"end":{"line":48,"column":43}},"24":{"start":{"line":50,"column":4},"end":{"line":71,"column":5}},"25":{"start":{"line":53,"column":10},"end":{"line":68,"column":27}},"26":{"start":{"line":75,"column":35},"end":{"line":75,"column":81}},"27":{"start":{"line":76,"column":34},"end":{"line":76,"column":83}},"28":{"start":{"line":77,"column":35},"end":{"line":77,"column":78}},"29":{"start":{"line":80,"column":2},"end":{"line":80,"column":53}},"30":{"start":{"line":83,"column":2},"end":{"line":83,"column":52}},"31":{"start":{"line":86,"column":2},"end":{"line":86,"column":53}},"32":{"start":{"line":89,"column":34},"end":{"line":100,"column":1}},"33":{"start":{"line":90,"column":2},"end":{"line":99,"column":3}},"34":{"start":{"line":92,"column":6},"end":{"line":92,"column":38}},"35":{"start":{"line":94,"column":6},"end":{"line":94,"column":45}},"36":{"start":{"line":96,"column":6},"end":{"line":96,"column":46}},"37":{"start":{"line":98,"column":6},"end":{"line":98,"column":38}},"38":{"start":{"line":105,"column":4},"end":{"line":105,"column":17}},"39":{"start":{"line":106,"column":4},"end":{"line":106,"column":20}},"40":{"start":{"line":111,"column":45},"end":{"line":111,"column":55}},"41":{"start":{"line":112,"column":4},"end":{"line":116,"column":5}}},"fnMap":{"0":{"name":"(anonymous_0)","decl":{"start":{"line":9,"column":25},"end":{"line":9,"column":26}},"loc":{"start":{"line":9,"column":36},"end":{"line":14,"column":1}},"line":9},"1":{"name":"(anonymous_1)","decl":{"start":{"line":15,"column":24},"end":{"line":15,"column":25}},"loc":{"start":{"line":15,"column":36},"end":{"line":15,"column":78}},"line":15},"2":{"name":"(anonymous_2)","decl":{"start":{"line":16,"column":28},"end":{"line":16,"column":29}},"loc":{"start":{"line":16,"column":70},"end":{"line":16,"column":127}},"line":16},"3":{"name":"(anonymous_3)","decl":{"start":{"line":17,"column":30},"end":{"line":17,"column":31}},"loc":{"start":{"line":18,"column":2},"end":{"line":20,"column":65}},"line":18},"4":{"name":"(anonymous_4)","decl":{"start":{"line":23,"column":34},"end":{"line":23,"column":35}},"loc":{"start":{"line":24,"column":2},"end":{"line":35,"column":4}},"line":24},"5":{"name":"(anonymous_5)","decl":{"start":{"line":38,"column":30},"end":{"line":38,"column":31}},"loc":{"start":{"line":38,"column":78},"end":{"line":73,"column":1}},"line":38},"6":{"name":"(anonymous_6)","decl":{"start":{"line":39,"column":2},"end":{"line":39,"column":3}},"loc":{"start":{"line":39,"column":21},"end":{"line":41,"column":3}},"line":39},"7":{"name":"(anonymous_7)","decl":{"start":{"line":42,"column":2},"end":{"line":42,"column":3}},"loc":{"start":{"line":42,"column":11},"end":{"line":72,"column":3}},"line":42},"8":{"name":"(anonymous_8)","decl":{"start":{"line":52,"column":28},"end":{"line":52,"column":29}},"loc":{"start":{"line":53,"column":10},"end":{"line":68,"column":27}},"line":53},"9":{"name":"genarateRoutes_ChanHua","decl":{"start":{"line":79,"column":16},"end":{"line":79,"column":38}},"loc":{"start":{"line":79,"column":50},"end":{"line":81,"column":1}},"line":79},"10":{"name":"genarateRoutes_Yunlin","decl":{"start":{"line":82,"column":16},"end":{"line":82,"column":37}},"loc":{"start":{"line":82,"col
[...]
,"/Users/PenguinCho/Desktop/react_webpack/src/svg/app.js": {"path":"/Users/PenguinCho/Desktop/react_webpack/src/svg/app.js","statementMap":{"0":{"start":{"line":6,"column":12},"end":{"line":6,"column":13}},"1":{"start":{"line":8,"column":23},"end":{"line":8,"column":54}},"2":{"start":{"line":9,"column":33},"end":{"line":13,"column":1}},"3":{"start":{"line":14,"column":24},"end":{"line":21,"column":1}},"4":{"start":{"line":23,"column":32},"end":{"line":31,"column":1}},"5":{"start":{"line":24,"column":19},"end":{"line":24,"column":21}},"6":{"start":{"line":25,"column":2},"end":{"line":29,"column":3}},"7":{"start":{"line":25,"column":15},"end":{"line":25,"column":16}},"8":{"start":{"line":26,"column":4},"end":{"line":28,"column":39}},"9":{"start":{"line":27,"column":20},"end":{"line":27,"column":67}},"10":{"start":{"line":28,"column":18},"end":{"line":28,"column":38}},"11":{"start":{"line":30,"column":2},"end":{"line":30,"column":19}},"12":{"start":{"line":32,"column":34},"end":{"line":44,"column":1}},"13":{"start":{"line":33,"column":24},"end":{"line":33,"column":26}},"14":{"start":{"line":34,"column":2},"end":{"line":42,"column":3}},"15":{"start":{"line":34,"column":15},"end":{"line":34,"column":16}},"16":{"start":{"line":35,"column":4},"end":{"line":40,"column":34}},"17":{"start":{"line":36,"column":17},"end":{"line":39,"column":80}},"18":{"start":{"line":37,"column":23},"end":{"line":37,"column":36}},"19":{"start":{"line":39,"column":20},"end":{"line":39,"column":79}},"20":{"start":{"line":40,"column":19},"end":{"line":40,"column":33}},"21":{"start":{"line":41,"column":4},"end":{"line":41,"column":72}},"22":{"start":{"line":43,"column":2},"end":{"line":43,"column":18}},"23":{"start":{"line":46,"column":30},"end":{"line":54,"column":1}},"24":{"start":{"line":47,"column":2},"end":{"line":53,"column":11}},"25":{"start":{"line":55,"column":21},"end":{"line":106,"column":1}},"26":{"start":{"line":56,"column":2},"end":{"line":105,"column":11}},"27":{"start":{"line":93,"column":6},"end":{"line":99,"column":8}},"28":{"start":{"line":110,"column":4},"end":{"line":110,"column":16}},"29":{"start":{"line":111,"column":4},"end":{"line":117,"column":6}},"30":{"start":{"line":120,"column":4},"end":{"line":123,"column":5}},"31":{"start":{"line":120,"column":17},"end":{"line":120,"column":18}},"32":{"start":{"line":121,"column":24},"end":{"line":121,"column":41}},"33":{"start":{"line":122,"column":6},"end":{"line":122,"column":36}},"34":{"start":{"line":126,"column":4},"end":{"line":126,"column":48}},"35":{"start":{"line":129,"column":4},"end":{"line":131,"column":5}},"36":{"start":{"line":130,"column":6},"end":{"line":130,"column":50}},"37":{"start":{"line":132,"column":4},"end":{"line":136,"column":5}},"38":{"start":{"line":133,"column":6},"end":{"line":135,"column":9}},"39":{"start":{"line":133,"column":32},"end":{"line":135,"column":7}},"40":{"start":{"line":139,"column":4},"end":{"line":172,"column":37}},"41":{"start":{"line":140,"column":19},"end":{"line":140,"column":29}},"42":{"start":{"line":142,"column":8},"end":{"line":170,"column":9}},"43":{"start":{"line":143,"column":10},"end":{"line":161,"column":12}},"44":{"start":{"line":144,"column":25},"end":{"line":144,"column":35}},"45":{"start":{"line":146,"column":14},"end":{"line":146,"column":46}},"46":{"start":{"line":147,"column":33},"end":{"line":147,"column":72}},"47":{"start":{"line":149,"column":14},"end":{"line":160,"column":18}},"48":{"start":{"line":150,"column":29},"end":{"line":150,"column":39}},"49":{"start":{"line":152,"column":51},"end":{"line":152,"column":106}},"50":{"start":{"line":154,"column":18},"end":{"line":159,"column":20}},"51":{"start":{"line":163,"column":10},"end":{"line":163,"column":32}},"52":{"start":{"line":164,"column":10},"end":{"line":169,"column":12}},"53":{"start":{"line":172,"column":20},"end":{"line":172,"column":36}},"54":{"start":{"line":175,"column":4},"end":{"line":175,"column":13}},"55":{"start":{"line":176,"column":15},"end":{"line":176,"column":26}},"56":{"start":{"line":177,"column":4},"end":{"line":181,"column":5}},"57":{"start":{"line":178,"column":6},"end":{"line":180,"column":8}},"58":{"start":{"line":184,"column":17},"end":{"line":184,"column":28}},"59":{"start":{"line":185,"column":4},"end":{"line":193,"column":5}},"60":{"start":{"line":186,"column":6},"end":{"line":188,"column":8}},"61":{"start":{"line":190,"column":6},"end":{"line":192,"column":8}},"62":{"start":{"line":196,"column":58},"end":{"line":196,"column":68}},"63":{"start":{"line":199,"column":4},"end":{"line":215,"column":6}}},"fnMap":{"0":{"name":"(anonymous_0)","decl":{"start":{"line":23,"column":32},"end":{"line":23,"column":33}},"loc":{"start":{"line":23,"column":59},"end":{"line":31,"column":1}},"line":23},"1":{"name":"(anonymous_1)","decl":{"start":{"line":27,"column":14},"end":{"line":27,"column":15}},"loc":{"start":{"line":27,"column":20},"end":{"line":27,"column":67}},"line":27},"2":{"name":"(anonymous_2)","decl":{"start":{"line":28,"column":11},"end":{"line":28,"column":12}},"loc":{"start":{"line":28,"column":18},"end":{"line":28,"column":38}},"line":28},"3":{"name":"(anonymous_3)","decl":{"start":{"line":32,"column":34},"end":{"line":32,"column":35}},"loc":{"start":{"line":32,"column":75},"end":{"line":44,"column":1}},"line":32},"4":{"name":"(anonymous_4)","decl":{"start":{"line":36,"column":11},"end":{"line":36,"column":12}},"loc":{"start":{"line":36,"column":17},"end":{"line":39,"column":80}},"line":36},"5":{"name":"(anonymous_5)","decl":{"start":{"line":37,"column":16},"end":{"line":37,"column":17}},"loc":{"start":{"line":37,"column":23},"end":{"line":37,"column":36}},"line":37},"6":{"name":"(anonymous_6)","decl":{"start":{"line":39,"column":13},"end":{"line":39,"column":14}},"loc":{"start":{"line":39,"column":20},"end":{"line":39,"column":79}},"line":39},"7":{"name":"(anonymous_7)","decl":{"start":{"line":40,"column":11},"end":{"line":40,"column":12}},"loc":{"start":{"line":40,"column":19},"end":{"line":40,"column":33}},"line":40},"8":{"name":"(anonymous_8)","decl":{"start":{"line":46,"column":30},"end":{"line":46,"column":31}},"loc":{"start":{"line":47,"column":2},"end":{"line":53,"column":11}},"line":47},"9":{"name":"(anonymous_9)","decl":{"start":{"line":46,"column":90},"end":{"line":46,"column":91}},"loc":{"start":{"line":46,"column":101},"end":{"line":46,"column":103}},"line":46},"10":{"name":"(anonymous_10)","decl":{"start":{"line":55,"column":21},"end":{"line":55,"column":22}},"loc":{"start":{"line":56,"column":2},"end":{"line":105,"column":11}},"line":56},"11":{"name":"(anonymous_11)","decl":{"start":{"line":55,"column":92},"end":{"line":55,"column":93}},"loc":{"start":{"line":55,"column":98},"end":{"line":55,"column":100}},"line":55},"12":{"name":"(anonymous_12)","decl":{"start":{"line":55,"column":119},"end":{"line":55,"column":120}},"loc":{"start":{"line":55,"column":125},"end":{"line":55,"column":127}},"line":55},"13":{"name":"(anonymous_13)","decl":{"start":{"line":92,"column":27},"end":{"line":92,"column":28}},"loc":{"start":{"line":93,"column":6},"end":{"line":99,"column":8}},"line":93},"14":{"name":"(anonymous_14)","decl":{"start":{"line":109,"column":2},"end":{"line":109,"column":3}},"loc":{"start":{"line":109,"column":21},"end":{"line":118,"column":3}},"line":109},"15":{"name":"(anonymous_15)","decl":{"start":{"line":119,"column":23},"end":{"line":119,"column":24}},"loc":{"start":{"line":119,"column":29},"end":{"line":124,"column":3}},"line":119},"16":{"name":"(anonymous_16)","decl":{"start":{"line":125,"column":22},"end":{"line":125,"column":23}},"loc":{"start":{"line":125,"column":28},"end":{"line":127,"column":3}},"line":125},"17":{"name":"(anonymous_17)","decl":{"start":{"line":128,"column":23},"end":{"line":128,"column":24}},"loc":{"start":{"line":128,"column":49},"end":{"line":137,"column":3}},"line":128},"18":{"name":"(anonymous_18)","decl":{"start":{"line":133,"column":20},"end":{"line":133,"column":21}},"loc":{"start":{"line":133,"column":32},"end":{"line":135,"column":7}},"line":133},"19":{"name":"(anonymous_19)","decl":{"start":{"line":138,"column":19},"end":{"line":138,"column":20}},"loc":{"start":{"line":138,"column":37},"end":{"line":173,"column":3}},"line":138},"20":{"name":"(anonymous_20)","decl":{"start":{"line":140,"column":12},"end":{"line":140,"column":13}},"loc":{"start":{"line":140,"column":19},"end":{"line":140,"column":29}},"line":140},"21":{"name":"(anonymous_21)","decl":{"start":{"line":141,"column":12},"end":{"line":141,"column":13}},"loc":{"start":{"line":141,"column":25},"end":{"line":171,"column":7}},"line":141},"22":{"name":"(anonymous_22)","decl":{"start":{"line":144,"column":18},"end":{"line":144,"column":19}},"loc":{"start":{"line":144,"column":25},"end":{"line":144,"column":35}},"line":144},"23":{"name":"(anonymous_23)","decl":{"start":{"line":145,"column":18},"end":{"line":145,"column":19}},"loc":{"start":{"line":145,"column":32},"end":{"line":161,"column":11}},"line":145},"24":{"name":"(anonymous_24)","decl":{"start":{"line":150,"column":22},"end":{"line":150,"column":23}},"loc":{"start":{"line":150,"column":29},"end":{"line":150,"column":39}},"line":150},"25":{"name":"(anonymous_25)","decl":{"start":{"line":151,"column":22},"end":{"line":151,"column":23}},"loc":{"start":{"line":151,"column":38},"end":{"line":160,"column":17}},"line":151},"26":{"name":"(anonymous_26)","decl":{"start":{"line":172,"column":13},"end":{"line":172,"column":14}},"loc":{"start":{"line":172,"column":20},"end":{"line":172,"column":36}},"line":172},"27":{"name":"(anonymous_27)","decl":{"start":{"line":174,"column":19},"end":{"line":174,"column":20}},"loc":{"start":{"line":174,"column":26},"end":{"line":182,"column":3}},"line":174},"28":{"name":"(anonymous_28)","decl":{"start":{"line":183,"column":19},"end":{"line":183,"column":20}},"loc":{"start":{"line":183,"column":26},"end":{"line":194,"column":3}},"line":183},"29":{"name":"(anonymous_29)","decl":{"start":{"line":195,"column":2},"end":{"line":195,"column":3}},"loc":{"start":{"line":195,"column":11},"end":{"line":216,"column":3}},"line":195}},"branchMap":{"0":{"loc":{"start":{"line":46,"column":33},"end":{"line":46,"column":44}},"type":"default-arg","locations":[{"start":{"line":46,"column":36},"end":{"line":46,"column":44}}],"line":46},"1":{"loc":{"start":{"line":46,"column":46},"end":{"line":46,"column":63}},"type":"default-arg","locations":[{"start":{"line":46,"column":55},"end":{"line":46,"column":63}}],"line":46},"2":{"loc":{"start":{"line":46,"column":65},"end":{"line":46,"column":78}},"type":"default-arg","locations":[{"start":{"line":46,"column":76},"end":{"line":46,"column":78}}],"line":46},"3":{"loc":{"start":{"line":46,"column":80},"end":{"line":46,"column":103}},"type":"default-arg","locations":[{"start":{"line":46,"column":90},"end":{"line":46,"column":103}}],"line":46},"4":{"loc":{"start":{"line":49,"column":15},"end":{"line":49,"column":77}},"type":"cond-expr","locations":[{"start":{"line":49,"column":33},"end":{"line":49,"column":57}},{"start":{"line":49,"column":60},"end":{"line":49,"column":77}}],"line":49},"5":{"loc":{"start":{"line":55,"column":24},"end":{"line":55,"column":41}},"type":"default-arg","locations":[{"start":{"line":55,"column":33},"end":{"line":55,"column":41}}],"line":55},"6":{"loc":{"start":{"line":55,"column":43},"end":{"line":55,"column":57}},"type":"default-arg","locations":[{"start":{"line":55,"column":56},"end":{"line":55,"column":57}}],"line":55},"7":{"loc":{"start":{"line":55,"column":59},"end":{"line":55,"column":73}},"type":"default-arg","locations":[{"start":{"line":55,"column":69},"end":{"line":55,"column":73}}],"line":55},"8":{"loc":{"start":{"line":55,"column":75},"end":{"line":55,"column":100}},"type":"default-arg","locations":[{"start":{"line":55,"column":92},"end":{"line":55,"column":100}}],"line":55},"9":{"loc":{"start":{"line":55,"column":102},"end":{"line":55,"column":127}},"type":"default-arg","locations":[{"start":{"line":55,"column":119},"end":{"line":55,"column":127}}],"line":55},"10":{"loc":{"start":{"line":57,"column":16},"end":{"line":58,"column":44}},"type":"cond-expr","locations":[{"start":{"line":58,"column":6},"end":{"line":58,"column":23}},{"start":{"line":58,"column":26},"end":{"line":58,"column":44}}],"line":57},"11":{"loc":{"start":{"line":79,"column":17},"end":{"line":79,"column":73}},"type":"cond-expr","locations":[{"start":{"line":79,"column":29},"end":{"line":79,"column":53}},{"start":{"line":79,"column":56},"end":{"line":79,"column":73}}],"line":79},"12":{"loc":{"start":{"line":86,"column":17},"end":{"line":86,"column":73}},"type":"cond-expr","locations":[{"start":{"line":86,"column":29},"end":{"line":86,"column":46}},{"start":{"line":86,"column":49},"end":{"line":86,"column":73}}],"line":86},"13":{"loc":{"start":{"line":129,"column":4},"end":{"line":131,"column":5}},"type":"if","locations":[{"start":{"line":129,"column":4},"end":{"line":131,"column":5}},{"start":{"line":129,"column":4},"end":{"line":131,"column":5}}],"line":129},"14":{"loc":{"start":{"line":132,"column":4},"end":{"line":136,"column":5}},"type":"if","locations":[{"start":{"line":132,"column":4},"end":{"line":136,"column":5}},{"start":{"line":132,"column":4},"end":{"line":136,"column":5}}],"line":132},"15":{"loc":{"start":{"line":142,"column":8},"end":{"line":170,"column":9}},"type":"if","locations":[{"start":{"line":142,"column":8},"end":{"line":170,"column":9}},{"start":{"line":142,"column":8},"end":{"line":170,"column":9}}],"line":142},"16":{"loc":{"start":{"line":177,"column":4},"end":{"line":181,"column":5}},"type":"if","locations":[{"start":{"line":177,"column":4},"end":{"line":181,"column":5}},{"start":{"line":177,"column":4},"end":{"line":181,"column":5}}],"line":177},"17":{"loc":{"start":{"line":185,"column":4},"end":{"line":193,"column":5}},"type":"if","locations":[{"start":{"line":185,"column":4},"end":{"line":193,"column":5}},{"start":{"line":185,"column":4},"end":{"line":193,"column":5}}],"line":185},"18":{"loc":{"start":{"line":185,"column":7},"end":{"line":185,"column":45}},"type":"binary-expr","locations":[{"start":{"line":185,"column":7},"end":{"line":185,"column":27}},{"start":{"line":185,"column":31},"end":{"line":185,"column":45}}],"line":185}},"s":{"0":1,"1":1,"2":1,"3":1,"4":1,"5":2,"6":2,"7":2,"8":5,"9":15,"10":5,"11":2,"12":1,"13":2,"14":2,"15":2,"16":5,"17":5,"18":15,"19":5,"20":5,"21":5,"22":2,"23":1,"24":1,"25":1,"26":2,"27":6,"28":3,"29":3,"30":3,"31":3,"32":9,"33":9,"34":3,"35":5,"36":1,"37":5,"38":1,"39":1,"40":9,"41":9,"42":0,"43":0,"44":0,"45":0,"46":0,"47":0,"48":0,"49":0,"50":0,"51":0,"52":0,"53":9,"54":2,"55":2,"56":2,"57":1,"58":2,"59":2,"60":1,"61":1,"62":8,"63":8},"f":{"0":2,"1":15,"2":5,"3":2,"4":5,"5":15,"6":5,"7":5,"8":1,"9":0,"10":2,"11":0,"12":0,"13":6,"14":3,"15":3,"16":3,"17":5,"18":1,"19":9,"20":9,"21":0,"22":0,"23":0,"24":0,"25":0,"26":9,"27":2,"28":2,"29":8},"b":{"0":[1],"1":[1],"2":[1],"3":[0],"4":[1,0],"5":[0],"6":[2],"7":[2],"8":[1],"9":[1],"10":[0,2],"11":[2,0],"12":[2,0],"13":[1,4],"14":[1,4],"15":[0,0],"16":[1,1],"17":[1,1],"18":[2,2]},"_coverageSchema":"43e27e138ebf9cfc5966b082cf9a028302ed4184","hash":"e445380a7784420f3e58147451636ac61fe68897"}
,"/Users/PenguinCho/Desktop/react_webpack/src/svg/svgFunctions.js": {"path":"/Users/PenguinCho/Desktop/react_webpack/src/svg/svgFunctions.js","statementMap":{"0":{"start":{"line":1,"column":24},"end":{"line":4,"column":1}},"1":{"start":{"line":2,"column":22},"end":{"line":2,"column":44}},"2":{"start":{"line":3,"column":2},"end":{"line":3,"column":35}},"3":{"start":{"line":6,"column":31},"end":{"line":8,"column":1}},"4":{"start":{"line":7,"column":2},"end":{"line":7,"column":54}},"5":{"start":{"line":10,"column":25},"end":{"line":19,"column":1}},"6":{"start":{"line":11,"column":15},"end":{"line":11,"column":17}},"7":{"start":{"line":12,"column":2},"end":{"line":17,"column":3}},"8":{"start":{"line":12,"column":15},"end":{"line":12,"column":16}},"9":{"start":{"line":13,"column":4},"end":{"line":16,"column":5}},"10":{"start":{"line":18,"column":2},"end":{"line":18,"column":15}},"11":{"start":{"line":21,"column":29},"end":{"line":29,"column":1}},"12":{"start":{"line":22,"column":2},"end":{"line":28,"column":3}},"13":{"start":{"line":23,"column":4},"end":{"line":23,"column":79}},"14":{"start":{"line":23,"column":37},"end":{"line":23,"column":76}},"15":{"start":{"line":24,"column":9},"end":{"line":28,"column":3}},"16":{"start":{"line":25,"column":4},"end":{"line":25,"column":78}},"17":{"start":{"line":25,"column":36},"end":{"line":25,"column":75}},"18":{"start":{"line":27,"column":4},"end":{"line":27,"column":16}}},"fnMap":{"0":{"name":"(anonymous_0)","decl":{"start":{"line":1,"column":24},"end":{"line":1,"column":25}},"loc":{"start":{"line":1,"column":41},"end":{"line":4,"column":1}},"line":1},"1":{"name":"(anonymous_1)","decl":{"start":{"line":6,"column":31},"end":{"line":6,"column":32}},"loc":{"start":{"line":6,"column":74},"end":{"line":8,"column":1}},"line":6},"2":{"name":"(anonymous_2)","decl":{"start":{"line":10,"column":25},"end":{"line":10,"column":26}},"loc":{"start":{"line":10,"column":34},"end":{"line":19,"column":1}},"line":10},"3":{"name":"(anonymous_3)","decl":{"start":{"line":21,"column":29},"end":{"line":21,"column":30}},"loc":{"start":{"line":21,"column":38},"end":{"line":29,"column":1}},"line":21},"4":{"name":"(anonymous_4)","decl":{"start":{"line":23,"column":32},"end":{"line":23,"column":33}},"loc":{"start":{"line":23,"column":37},"end":{"line":23,"column":76}},"line":23},"5":{"name":"(anonymous_5)","decl":{"start":{"line":25,"column":31},"end":{"line":25,"column":32}},"loc":{"start":{"line":25,"column":36},"end":{"line":25,"column":75}},"line":25}},"branchMap":{"0":{"loc":{"start":{"line":22,"column":2},"end":{"line":28,"column":3}},"type":"if","locations":[{"start":{"line":22,"column":2},"end":{"line":28,"column":3}},{"start":{"line":22,"column":2},"end":{"line":28,"column":3}}],"line":22},"1":{"loc":{"start":{"line":23,"column":41},"end":{"line":23,"column":76}},"type":"cond-expr","locations":[{"start":{"line":23,"column":65},"end":{"line":23,"column":72}},{"start":{"line":23,"column":75},"end":{"line":23,"column":76}}],"line":23},"2":{"loc":{"start":{"line":24,"column":9},"end":{"line":28,"column":3}},"type":"if","locations":[{"start":{"line":24,"column":9},"end":{"line":28,"column":3}},{"start":{"line":24,"column":9},"end":{"line":28,"column":3}}],"line":24},"3":{"loc":{"start":{"line":25,"column":40},"end":{"line":25,"column":75}},"type":"cond-expr","locations":[{"start":{"line":25,"column":64},"end":{"line":25,"column":71}},{"start":{"line":25,"column":74},"end":{"line":25,"column":75}}],"line":25}},"s":{"0":4,"1":0,"2":0,"3":4,"4":0,"5":4,"6":1,"7":1,"8":1,"9":3,"10":1,"11":4,"12":3,"13":1,"14":2,"15":2,"16":1,"17":2,"18":1},"f":{"0":0,"1":0,"2":1,"3":3,"4":2,"5":2},"b":{"0":[1,2],"1":[1,1],"2":[1,1],"3":[1,1]},"_coverageSchema":"43e27e138ebf9cfc5966b082cf9a028302ed4184","hash":"54e6989740f273b70b0b17b8d9033afbafe2f729"}
}
