TN:
SF:/Users/PenguinCho/Desktop/react_webpack/src/index.js
FNF:0
FNH:0
DA:8,0
LF:1
LH:0
BRF:0
BRH:0
end_of_record
TN:
SF:/Users/PenguinCho/Desktop/react_webpack/src/svg/BusSchedule.js
FN:4,(anonymous_0)
FN:5,(anonymous_1)
FN:5,(anonymous_2)
FN:8,(anonymous_3)
FN:17,(anonymous_4)
FN:32,(anonymous_5)
FN:36,(anonymous_6)
FN:38,(anonymous_7)
FN:39,(anonymous_8)
FN:52,(anonymous_9)
FN:52,(anonymous_10)
FN:56,(anonymous_11)
FN:66,(anonymous_12)
FN:75,(anonymous_13)
FN:98,(anonymous_14)
FN:118,(anonymous_15)
FN:123,(anonymous_16)
FN:130,(anonymous_17)
FNF:18
FNH:17
FNDA:2,(anonymous_0)
FNDA:4,(anonymous_1)
FNDA:11,(anonymous_2)
FNDA:3,(anonymous_3)
FNDA:3,(anonymous_4)
FNDA:3,(anonymous_5)
FNDA:7,(anonymous_6)
FNDA:4,(anonymous_7)
FNDA:3,(anonymous_8)
FNDA:1,(anonymous_9)
FNDA:2,(anonymous_10)
FNDA:2,(anonymous_11)
FNDA:2,(anonymous_12)
FNDA:0,(anonymous_13)
FNDA:4,(anonymous_14)
FNDA:1,(anonymous_15)
FNDA:2,(anonymous_16)
FNDA:2,(anonymous_17)
DA:4,3
DA:5,4
DA:6,11
DA:8,3
DA:9,3
DA:10,3
DA:11,11
DA:12,8
DA:15,3
DA:17,3
DA:18,3
DA:19,3
DA:20,3
DA:21,3
DA:22,10
DA:23,5
DA:25,5
DA:26,5
DA:27,5
DA:30,3
DA:32,3
DA:33,3
DA:34,3
DA:35,2
DA:36,7
DA:38,4
DA:39,3
DA:41,2
DA:42,5
DA:43,5
DA:45,5
DA:46,5
DA:48,5
DA:50,2
DA:52,2
DA:53,1
DA:56,3
DA:57,2
DA:58,1
DA:60,1
DA:66,3
DA:67,2
DA:75,3
DA:76,0
DA:77,0
DA:98,3
DA:99,4
DA:118,3
DA:119,1
DA:121,1
DA:123,2
DA:125,1
DA:126,1
DA:128,1
DA:130,2
LF:55
LH:53
BRDA:4,0,0,0
BRDA:11,1,0,8
BRDA:11,1,1,3
BRDA:22,2,0,5
BRDA:22,2,1,5
BRDA:32,3,0,0
BRDA:34,4,0,2
BRDA:34,4,1,1
BRDA:45,5,0,4
BRDA:45,5,1,1
BRDA:46,6,0,3
BRDA:46,6,1,2
BRDA:57,7,0,1
BRDA:57,7,1,1
BRDA:66,8,0,2
BRDA:66,9,0,1
BRDA:76,10,0,0
BRDA:76,11,0,0
BRDA:76,12,0,0
BRDA:76,13,0,0
BRDA:98,14,0,0
BRDA:100,15,0,2
BRDA:100,15,1,2
BRDA:112,16,0,1
BRDA:112,16,1,3
BRF:25
BRH:18
end_of_record
TN:
SF:/Users/PenguinCho/Desktop/react_webpack/src/svg/CompanyInfo.js
FN:5,(anonymous_0)
FN:12,(anonymous_1)
FN:21,(anonymous_2)
FN:29,(anonymous_3)
FN:38,(anonymous_4)
FNF:5
FNH:2
FNDA:2,(anonymous_0)
FNDA:0,(anonymous_1)
FNDA:2,(anonymous_2)
FNDA:0,(anonymous_3)
FNDA:0,(anonymous_4)
DA:6,2
DA:7,2
DA:13,0
DA:14,0
DA:15,0
DA:22,2
DA:23,2
DA:24,2
DA:29,0
DA:38,0
LF:10
LH:5
BRDA:14,0,0,0
BRDA:14,0,1,0
BRDA:22,1,0,2
BRDA:22,2,0,2
BRDA:22,3,0,2
BRDA:22,4,0,0
BRDA:22,5,0,1
BRDA:34,6,0,1
BRDA:34,6,1,1
BRF:9
BRH:6
end_of_record
TN:
SF:/Users/PenguinCho/Desktop/react_webpack/src/svg/GridLayout.js
FN:3,(anonymous_0)
FN:14,(anonymous_1)
FN:24,(anonymous_2)
FN:31,(anonymous_3)
FNF:4
FNH:0
FNDA:0,(anonymous_0)
FNDA:0,(anonymous_1)
FNDA:0,(anonymous_2)
FNDA:0,(anonymous_3)
DA:3,0
DA:4,0
DA:5,0
DA:6,0
DA:7,0
DA:8,0
DA:11,0
DA:15,0
DA:24,0
DA:25,0
DA:26,0
DA:31,0
DA:32,0
DA:33,0
LF:14
LH:0
BRDA:4,0,0,0
BRDA:4,1,0,0
BRDA:25,2,0,0
BRDA:25,3,0,0
BRDA:25,4,0,0
BRDA:25,5,0,0
BRDA:25,6,0,0
BRDA:32,7,0,0
BRDA:32,8,0,0
BRDA:32,9,0,0
BRDA:32,10,0,0
BRF:11
BRH:0
end_of_record
TN:
SF:/Users/PenguinCho/Desktop/react_webpack/src/svg/Head.js
FN:20,(anonymous_0)
FN:22,(anonymous_1)
FN:28,(anonymous_2)
FN:106,(anonymous_3)
FN:111,(anonymous_4)
FN:164,(anonymous_5)
FN:174,(anonymous_6)
FN:183,(anonymous_7)
FN:202,(anonymous_8)
FN:210,(anonymous_9)
FN:224,(anonymous_10)
FN:232,(anonymous_11)
FNF:12
FNH:2
FNDA:0,(anonymous_0)
FNDA:2,(anonymous_1)
FNDA:0,(anonymous_2)
FNDA:2,(anonymous_3)
FNDA:0,(anonymous_4)
FNDA:0,(anonymous_5)
FNDA:0,(anonymous_6)
FNDA:0,(anonymous_7)
FNDA:0,(anonymous_8)
FNDA:0,(anonymous_9)
FNDA:0,(anonymous_10)
FNDA:0,(anonymous_11)
DA:7,3
DA:9,3
DA:20,3
DA:22,3
DA:23,2
DA:28,3
DA:29,0
DA:30,0
DA:106,3
DA:107,2
DA:111,3
DA:112,0
DA:113,0
DA:114,0
DA:165,0
DA:166,0
DA:175,0
DA:184,0
DA:185,0
DA:186,0
DA:187,0
DA:188,0
DA:202,0
DA:210,0
DA:224,0
DA:232,0
LF:26
LH:9
BRDA:22,0,0,0
BRDA:24,1,0,1
BRDA:24,1,1,1
BRDA:45,2,0,0
BRDA:45,2,1,0
BRDA:106,3,0,0
BRDA:107,4,0,1
BRDA:107,4,1,1
BRDA:112,5,0,0
BRDA:112,6,0,0
BRDA:112,7,0,0
BRDA:112,8,0,0
BRDA:112,9,0,0
BRDA:120,10,0,0
BRDA:120,10,1,0
BRF:15
BRH:4
end_of_record
TN:
SF:/Users/PenguinCho/Desktop/react_webpack/src/svg/SVGComponents.js
FN:4,(anonymous_0)
FN:18,(anonymous_1)
FN:26,(anonymous_2)
FN:34,(anonymous_3)
FN:41,(anonymous_4)
FN:50,(anonymous_5)
FN:62,(anonymous_6)
FN:71,(anonymous_7)
FN:87,(anonymous_8)
FN:105,(anonymous_9)
FNF:10
FNH:0
FNDA:0,(anonymous_0)
FNDA:0,(anonymous_1)
FNDA:0,(anonymous_2)
FNDA:0,(anonymous_3)
FNDA:0,(anonymous_4)
FNDA:0,(anonymous_5)
FNDA:0,(anonymous_6)
FNDA:0,(anonymous_7)
FNDA:0,(anonymous_8)
FNDA:0,(anonymous_9)
DA:4,7
DA:5,0
DA:6,0
DA:7,0
DA:18,7
DA:19,0
DA:21,0
DA:26,7
DA:27,0
DA:28,0
DA:34,7
DA:35,0
DA:36,0
DA:41,7
DA:42,0
DA:43,0
DA:50,7
DA:51,0
DA:52,0
DA:62,7
DA:63,0
DA:64,0
DA:71,7
DA:72,0
DA:73,0
DA:87,7
DA:88,0
DA:89,0
DA:105,7
DA:106,0
DA:107,0
DA:109,0
DA:110,0
DA:111,0
DA:113,0
DA:117,0
DA:118,0
DA:120,0
LF:38
LH:10
BRDA:5,0,0,0
BRDA:5,1,0,0
BRDA:5,2,0,0
BRDA:19,3,0,0
BRDA:19,4,0,0
BRDA:19,5,0,0
BRDA:19,6,0,0
BRDA:27,7,0,0
BRDA:27,8,0,0
BRDA:27,9,0,0
BRDA:27,10,0,0
BRDA:27,11,0,0
BRDA:35,12,0,0
BRDA:35,13,0,0
BRDA:35,14,0,0
BRDA:35,15,0,0
BRDA:35,16,0,0
BRDA:42,17,0,0
BRDA:42,18,0,0
BRDA:42,19,0,0
BRDA:42,20,0,0
BRDA:51,21,0,0
BRDA:51,22,0,0
BRDA:51,23,0,0
BRDA:63,24,0,0
BRDA:72,25,0,0
BRDA:72,26,0,0
BRDA:72,27,0,0
BRDA:72,28,0,0
BRDA:72,29,0,0
BRDA:88,30,0,0
BRDA:88,31,0,0
BRDA:109,32,0,0
BRDA:109,32,1,0
BRDA:109,33,0,0
BRDA:109,33,1,0
BRDA:110,34,0,0
BRDA:110,34,1,0
BRDA:117,35,0,0
BRDA:117,35,1,0
BRDA:118,36,0,0
BRDA:118,36,1,0
BRDA:124,37,0,0
BRDA:124,37,1,0
BRDA:126,38,0,0
BRDA:126,38,1,0
BRDA:128,39,0,0
BRDA:128,39,1,0
BRF:48
BRH:0
end_of_record
TN:
SF:/Users/PenguinCho/Desktop/react_webpack/src/svg/SVGPaper.js
FN:13,(anonymous_0)
FN:14,(anonymous_1)
FN:15,(anonymous_2)
FN:20,(anonymous_3)
FN:33,(anonymous_4)
FN:38,(anonymous_5)
FN:49,(anonymous_6)
FN:53,(anonymous_7)
FN:88,(anonymous_8)
FN:92,(anonymous_9)
FN:137,(anonymous_10)
FN:140,(anonymous_11)
FNF:12
FNH:6
FNDA:7,(anonymous_0)
FNDA:8,(anonymous_1)
FNDA:4,(anonymous_2)
FNDA:8,(anonymous_3)
FNDA:2,(anonymous_4)
FNDA:4,(anonymous_5)
FNDA:0,(anonymous_6)
FNDA:0,(anonymous_7)
FNDA:0,(anonymous_8)
FNDA:0,(anonymous_9)
FNDA:0,(anonymous_10)
FNDA:0,(anonymous_11)
DA:12,2
DA:13,2
DA:14,8
DA:15,4
DA:16,7
DA:17,7
DA:18,7
DA:20,2
DA:21,8
DA:23,5
DA:25,1
DA:27,1
DA:29,1
DA:33,2
DA:34,2
DA:39,4
DA:50,0
DA:54,0
DA:55,0
DA:89,0
DA:93,0
DA:94,0
DA:138,0
DA:141,0
DA:142,0
LF:25
LH:16
BRDA:13,0,0,0
BRDA:13,1,0,0
BRDA:13,2,0,0
BRDA:14,3,0,2
BRDA:14,3,1,5
BRDA:18,4,0,3
BRDA:18,4,1,4
BRDA:20,5,0,0
BRDA:20,6,0,0
BRDA:21,7,0,5
BRDA:21,7,1,1
BRDA:21,7,2,1
BRDA:21,7,3,1
BRDA:33,8,0,1
BRDA:33,9,0,1
BRDA:33,10,0,1
BRDA:33,11,0,1
BRDA:36,12,0,1
BRDA:36,12,1,1
BRDA:77,13,0,0
BRDA:77,13,1,0
BRF:21
BRH:14
end_of_record
TN:
SF:/Users/PenguinCho/Desktop/react_webpack/src/svg/SideInfo.js
FN:20,(anonymous_0)
FN:37,(anonymous_1)
FN:68,(anonymous_2)
FN:113,(anonymous_3)
FN:125,(anonymous_4)
FNF:5
FNH:2
FNDA:0,(anonymous_0)
FNDA:0,(anonymous_1)
FNDA:0,(anonymous_2)
FNDA:1,(anonymous_3)
FNDA:1,(anonymous_4)
DA:9,3
DA:12,3
DA:20,3
DA:21,0
DA:22,0
DA:23,0
DA:37,3
DA:38,0
DA:39,0
DA:40,0
DA:42,0
DA:68,3
DA:69,0
DA:113,3
DA:114,1
DA:115,1
DA:116,1
DA:126,1
LF:18
LH:10
BRDA:21,0,0,0
BRDA:21,1,0,0
BRDA:21,2,0,0
BRDA:21,3,0,0
BRDA:21,4,0,0
BRDA:38,5,0,0
BRDA:38,6,0,0
BRDA:38,7,0,0
BRDA:38,8,0,0
BRDA:38,9,0,0
BRDA:114,10,0,0
BRDA:114,11,0,0
BRF:12
BRH:0
end_of_record
TN:
SF:/Users/PenguinCho/Desktop/react_webpack/src/svg/SingleStopLine.js
FN:10,(anonymous_0)
FN:23,(anonymous_1)
FN:29,Route
FN:50,(anonymous_3)
FN:65,RouteWithEngStops
FN:84,(anonymous_5)
FN:104,(anonymous_6)
FN:105,(anonymous_7)
FN:108,(anonymous_8)
FNF:9
FNH:9
FNDA:19,(anonymous_0)
FNDA:14,(anonymous_1)
FNDA:1,Route
FNDA:2,(anonymous_3)
FNDA:4,RouteWithEngStops
FNDA:9,(anonymous_5)
FNDA:8,(anonymous_6)
FNDA:2,(anonymous_7)
FNDA:2,(anonymous_8)
DA:8,4
DA:10,4
DA:11,19
DA:13,2
DA:15,12
DA:18,4
DA:20,1
DA:23,4
DA:24,14
DA:30,1
DA:31,1
DA:32,1
DA:33,1
DA:34,1
DA:36,1
DA:51,2
DA:66,4
DA:67,4
DA:68,4
DA:69,4
DA:70,4
DA:71,4
DA:85,9
DA:104,8
DA:106,2
DA:109,2
DA:114,4
DA:115,4
LF:28
LH:28
BRDA:10,0,0,1
BRDA:10,1,0,2
BRDA:10,2,0,7
BRDA:11,3,0,2
BRDA:11,3,1,12
BRDA:11,3,2,4
BRDA:11,3,3,1
BRDA:13,4,0,1
BRDA:13,4,1,1
BRDA:15,5,0,1
BRDA:15,5,1,11
BRDA:15,6,0,12
BRDA:15,6,1,1
BRDA:24,7,0,8
BRDA:24,7,1,6
BRDA:29,8,0,0
BRDA:29,9,0,0
BRDA:29,10,0,1
BRDA:29,11,0,1
BRDA:29,12,0,1
BRDA:29,13,0,1
BRDA:32,14,0,0
BRDA:32,14,1,1
BRDA:34,15,0,1
BRDA:34,15,1,0
BRDA:39,16,0,1
BRDA:39,16,1,0
BRDA:41,17,0,1
BRDA:41,17,1,0
BRDA:46,18,0,1
BRDA:46,18,1,0
BRDA:65,19,0,0
BRDA:65,20,0,0
BRDA:65,21,0,2
BRDA:65,22,0,4
BRDA:65,23,0,4
BRDA:65,24,0,3
BRDA:65,25,0,4
BRDA:65,26,0,4
BRDA:67,27,0,1
BRDA:67,27,1,3
BRDA:70,28,0,2
BRDA:70,28,1,2
BRDA:77,29,0,2
BRDA:77,29,1,2
BRF:45
BRH:36
end_of_record
TN:
SF:/Users/PenguinCho/Desktop/react_webpack/src/svg/Stop.js
FN:8,(anonymous_0)
FN:18,(anonymous_1)
FN:27,(anonymous_2)
FN:35,(anonymous_3)
FN:44,(anonymous_4)
FN:56,(anonymous_5)
FN:81,(anonymous_6)
FN:109,(anonymous_7)
FN:119,(anonymous_8)
FN:132,(anonymous_9)
FN:137,(anonymous_10)
FN:149,(anonymous_11)
FN:159,(anonymous_12)
FNF:13
FNH:9
FNDA:13,(anonymous_0)
FNDA:0,(anonymous_1)
FNDA:0,(anonymous_2)
FNDA:1,(anonymous_3)
FNDA:8,(anonymous_4)
FNDA:5,(anonymous_5)
FNDA:3,(anonymous_6)
FNDA:2,(anonymous_7)
FNDA:1,(anonymous_8)
FNDA:1,(anonymous_9)
FNDA:2,(anonymous_10)
FNDA:0,(anonymous_11)
FNDA:0,(anonymous_12)
DA:6,5
DA:8,5
DA:9,13
DA:13,6
DA:15,7
DA:18,5
DA:19,0
DA:27,5
DA:28,0
DA:35,5
DA:36,1
DA:44,5
DA:45,8
DA:47,2
DA:51,1
DA:53,5
DA:56,5
DA:58,5
DA:64,5
DA:72,5
DA:81,5
DA:82,3
DA:84,3
DA:110,2
DA:111,2
DA:116,2
DA:120,1
DA:121,0
DA:122,0
DA:123,0
DA:124,0
DA:133,1
DA:138,2
DA:139,2
DA:140,2
DA:142,2
DA:149,0
DA:159,0
LF:38
LH:30
BRDA:8,0,0,0
BRDA:8,1,0,0
BRDA:9,2,0,3
BRDA:9,2,1,3
BRDA:9,2,2,6
BRDA:9,2,3,7
BRDA:31,3,0,0
BRDA:31,3,1,0
BRDA:44,4,0,0
BRDA:44,5,0,0
BRDA:44,6,0,4
BRDA:44,7,0,0
BRDA:44,8,0,0
BRDA:45,9,0,2
BRDA:45,9,1,1
BRDA:45,9,2,5
BRDA:47,10,0,1
BRDA:47,10,1,1
BRDA:56,11,0,1
BRDA:56,12,0,4
BRDA:56,13,0,3
BRDA:56,14,0,5
BRDA:56,15,0,4
BRDA:56,16,0,4
BRDA:58,17,0,2
BRDA:58,17,1,3
BRDA:64,18,0,1
BRDA:64,18,1,4
BRDA:74,19,0,4
BRDA:74,19,1,1
BRDA:82,20,0,3
BRDA:82,21,0,3
BRDA:82,22,0,0
BRDA:82,23,0,3
BRDA:82,24,0,3
BRDA:92,25,0,1
BRDA:92,25,1,2
BRDA:120,26,0,0
BRDA:120,26,1,1
BRDA:138,27,0,2
BRDA:138,28,0,2
BRDA:138,29,0,0
BRDA:138,30,0,2
BRDA:138,31,0,2
BRDA:138,32,0,2
BRF:45
BRH:34
end_of_record
TN:
SF:/Users/PenguinCho/Desktop/react_webpack/src/svg/StopLine.js
FN:9,(anonymous_0)
FN:15,(anonymous_1)
FN:16,(anonymous_2)
FN:17,(anonymous_3)
FN:23,(anonymous_4)
FN:38,(anonymous_5)
FN:39,(anonymous_6)
FN:42,(anonymous_7)
FN:52,(anonymous_8)
FN:79,genarateRoutes_ChanHua
FN:82,genarateRoutes_Yunlin
FN:85,genarateRoutes
FN:89,(anonymous_12)
FN:104,(anonymous_13)
FN:108,(anonymous_14)
FNF:15
FNH:15
FNDA:10,(anonymous_0)
FNDA:12,(anonymous_1)
FNDA:20,(anonymous_2)
FNDA:22,(anonymous_3)
FNDA:4,(anonymous_4)
FNDA:9,(anonymous_5)
FNDA:8,(anonymous_6)
FNDA:8,(anonymous_7)
FNDA:18,(anonymous_8)
FNDA:2,genarateRoutes_ChanHua
FNDA:2,genarateRoutes_Yunlin
FNDA:4,genarateRoutes
FNDA:4,(anonymous_12)
FNDA:1,(anonymous_13)
FNDA:1,(anonymous_14)
DA:7,3
DA:9,3
DA:10,10
DA:11,10
DA:12,54
DA:13,10
DA:15,12
DA:16,20
DA:17,3
DA:18,22
DA:23,3
DA:24,4
DA:38,9
DA:40,8
DA:43,8
DA:44,8
DA:45,8
DA:46,8
DA:47,8
DA:48,8
DA:50,8
DA:53,18
DA:75,3
DA:76,3
DA:77,3
DA:80,2
DA:83,2
DA:86,4
DA:89,3
DA:90,4
DA:92,1
DA:94,1
DA:96,1
DA:98,1
DA:105,1
DA:106,1
DA:111,1
DA:112,1
LF:38
LH:38
BRDA:15,0,0,4
BRDA:15,0,1,8
BRDA:16,1,0,0
BRDA:16,2,0,0
BRDA:16,3,0,0
BRDA:17,4,0,0
BRDA:17,5,0,0
BRDA:17,6,0,0
BRDA:17,7,0,0
BRDA:17,8,0,0
BRDA:18,9,0,12
BRDA:18,9,1,10
BRDA:20,10,0,3
BRDA:20,10,1,7
BRDA:23,11,0,0
BRDA:23,12,0,4
BRDA:23,13,0,4
BRDA:23,14,0,4
BRDA:23,15,0,4
BRDA:23,16,0,4
BRDA:23,17,0,4
BRDA:23,18,0,4
BRDA:23,19,0,0
BRDA:25,20,0,2
BRDA:25,20,1,2
BRDA:26,21,0,2
BRDA:26,21,1,2
BRDA:30,22,0,2
BRDA:30,22,1,2
BRDA:38,23,0,0
BRDA:43,24,0,0
BRDA:54,25,0,10
BRDA:54,25,1,8
BRDA:60,26,0,6
BRDA:60,26,1,12
BRDA:62,27,0,6
BRDA:62,27,1,12
BRDA:65,28,0,8
BRDA:65,28,1,10
BRDA:89,29,0,1
BRDA:90,30,0,1
BRDA:90,30,1,1
BRDA:90,30,2,1
BRDA:90,30,3,1
BRDA:109,31,0,0
BRDA:110,32,0,0
BRDA:111,33,0,0
BRF:47
BRH:32
end_of_record
TN:
SF:/Users/PenguinCho/Desktop/react_webpack/src/svg/app.js
FN:23,(anonymous_0)
FN:27,(anonymous_1)
FN:28,(anonymous_2)
FN:32,(anonymous_3)
FN:36,(anonymous_4)
FN:37,(anonymous_5)
FN:39,(anonymous_6)
FN:40,(anonymous_7)
FN:46,(anonymous_8)
FN:46,(anonymous_9)
FN:55,(anonymous_10)
FN:55,(anonymous_11)
FN:55,(anonymous_12)
FN:94,(anonymous_13)
FN:111,(anonymous_14)
FN:121,(anonymous_15)
FN:127,(anonymous_16)
FN:130,(anonymous_17)
FN:135,(anonymous_18)
FN:140,(anonymous_19)
FN:142,(anonymous_20)
FN:143,(anonymous_21)
FN:147,(anonymous_22)
FN:148,(anonymous_23)
FN:153,(anonymous_24)
FN:154,(anonymous_25)
FN:175,(anonymous_26)
FN:178,(anonymous_27)
FN:187,(anonymous_28)
FN:199,(anonymous_29)
FNF:30
FNH:22
FNDA:2,(anonymous_0)
FNDA:15,(anonymous_1)
FNDA:5,(anonymous_2)
FNDA:2,(anonymous_3)
FNDA:5,(anonymous_4)
FNDA:15,(anonymous_5)
FNDA:5,(anonymous_6)
FNDA:5,(anonymous_7)
FNDA:3,(anonymous_8)
FNDA:0,(anonymous_9)
FNDA:7,(anonymous_10)
FNDA:0,(anonymous_11)
FNDA:0,(anonymous_12)
FNDA:21,(anonymous_13)
FNDA:4,(anonymous_14)
FNDA:4,(anonymous_15)
FNDA:4,(anonymous_16)
FNDA:5,(anonymous_17)
FNDA:1,(anonymous_18)
FNDA:12,(anonymous_19)
FNDA:12,(anonymous_20)
FNDA:0,(anonymous_21)
FNDA:0,(anonymous_22)
FNDA:0,(anonymous_23)
FNDA:0,(anonymous_24)
FNDA:0,(anonymous_25)
FNDA:12,(anonymous_26)
FNDA:2,(anonymous_27)
FNDA:2,(anonymous_28)
FNDA:9,(anonymous_29)
DA:6,1
DA:8,1
DA:9,1
DA:14,1
DA:23,1
DA:24,2
DA:25,2
DA:26,5
DA:27,15
DA:28,5
DA:30,2
DA:32,1
DA:33,2
DA:34,2
DA:35,5
DA:36,5
DA:37,15
DA:39,5
DA:40,5
DA:41,5
DA:43,2
DA:46,1
DA:47,3
DA:55,1
DA:56,7
DA:95,21
DA:112,4
DA:113,4
DA:122,4
DA:123,12
DA:124,12
DA:128,4
DA:131,5
DA:132,1
DA:134,5
DA:135,1
DA:141,12
DA:142,12
DA:144,0
DA:145,0
DA:146,0
DA:147,0
DA:149,0
DA:150,0
DA:152,0
DA:153,0
DA:155,0
DA:157,0
DA:166,0
DA:167,0
DA:179,2
DA:180,2
DA:181,2
DA:182,1
DA:188,2
DA:189,2
DA:190,1
DA:194,1
DA:200,9
DA:203,9
LF:60
LH:48
BRDA:46,0,0,1
BRDA:46,1,0,1
BRDA:46,2,0,3
BRDA:46,3,0,2
BRDA:49,4,0,2
BRDA:49,4,1,1
BRDA:55,5,0,5
BRDA:55,6,0,5
BRDA:55,7,0,5
BRDA:55,8,0,6
BRDA:55,9,0,6
BRDA:59,10,0,1
BRDA:59,10,1,6
BRDA:81,11,0,6
BRDA:81,11,1,1
BRDA:88,12,0,6
BRDA:88,12,1,1
BRDA:131,13,0,1
BRDA:131,13,1,4
BRDA:134,14,0,1
BRDA:134,14,1,4
BRDA:145,15,0,0
BRDA:145,15,1,0
BRDA:181,16,0,1
BRDA:181,16,1,1
BRDA:189,17,0,1
BRDA:189,17,1,1
BRDA:189,18,0,2
BRDA:189,18,1,2
BRF:29
BRH:27
end_of_record
TN:
SF:/Users/PenguinCho/Desktop/react_webpack/src/svg/svgFunctions.js
FN:1,(anonymous_0)
FN:6,(anonymous_1)
FN:10,(anonymous_2)
FN:21,(anonymous_3)
FN:23,(anonymous_4)
FN:25,(anonymous_5)
FNF:6
FNH:6
FNDA:1,(anonymous_0)
FNDA:1,(anonymous_1)
FNDA:3,(anonymous_2)
FNDA:6,(anonymous_3)
FNDA:6,(anonymous_4)
FNDA:2,(anonymous_5)
DA:1,6
DA:2,1
DA:3,1
DA:6,6
DA:7,1
DA:10,6
DA:11,3
DA:12,3
DA:13,6
DA:18,3
DA:21,6
DA:22,6
DA:23,6
DA:24,3
DA:25,2
DA:27,2
LF:16
LH:16
BRDA:22,0,0,3
BRDA:22,0,1,3
BRDA:23,1,0,3
BRDA:23,1,1,3
BRDA:24,2,0,1
BRDA:24,2,1,2
BRDA:25,3,0,1
BRDA:25,3,1,1
BRF:8
BRH:8
end_of_record
