TN:
SF:/Users/PenguinCho/Desktop/react_webpack/src/index.js
FNF:0
FNH:0
DA:8,0
LF:1
LH:0
BRF:0
BRH:0
end_of_record
TN:
SF:/Users/PenguinCho/Desktop/react_webpack/src/svg/BusSchedule.js
FN:4,(anonymous_0)
FN:5,(anonymous_1)
FN:5,(anonymous_2)
FN:8,(anonymous_3)
FN:17,(anonymous_4)
FN:32,(anonymous_5)
FN:36,(anonymous_6)
FN:38,(anonymous_7)
FN:39,(anonymous_8)
FN:52,(anonymous_9)
FN:52,(anonymous_10)
FN:56,(anonymous_11)
FN:68,(anonymous_12)
FN:77,(anonymous_13)
FN:100,(anonymous_14)
FN:120,(anonymous_15)
FN:125,(anonymous_16)
FN:132,(anonymous_17)
FNF:18
FNH:12
FNDA:1,(anonymous_0)
FNDA:2,(anonymous_1)
FNDA:6,(anonymous_2)
FNDA:2,(anonymous_3)
FNDA:1,(anonymous_4)
FNDA:2,(anonymous_5)
FNDA:4,(anonymous_6)
FNDA:2,(anonymous_7)
FNDA:2,(anonymous_8)
FNDA:1,(anonymous_9)
FNDA:2,(anonymous_10)
FNDA:0,(anonymous_11)
FNDA:0,(anonymous_12)
FNDA:0,(anonymous_13)
FNDA:2,(anonymous_14)
FNDA:0,(anonymous_15)
FNDA:0,(anonymous_16)
FNDA:0,(anonymous_17)
DA:4,3
DA:5,2
DA:6,6
DA:8,3
DA:9,2
DA:10,2
DA:11,8
DA:12,6
DA:15,2
DA:17,3
DA:18,1
DA:19,1
DA:20,1
DA:21,1
DA:22,5
DA:23,3
DA:25,2
DA:26,2
DA:27,2
DA:30,1
DA:32,3
DA:33,2
DA:34,2
DA:35,1
DA:36,4
DA:38,2
DA:39,2
DA:41,1
DA:42,3
DA:43,3
DA:45,3
DA:46,3
DA:48,3
DA:50,1
DA:52,2
DA:53,1
DA:56,3
DA:57,0
DA:58,0
DA:59,0
DA:61,0
DA:63,0
DA:68,3
DA:69,0
DA:77,3
DA:78,0
DA:79,0
DA:100,3
DA:101,2
DA:120,3
DA:121,0
DA:123,0
DA:125,0
DA:127,0
DA:128,0
DA:130,0
DA:132,0
LF:57
LH:42
BRDA:4,0,0,0
BRDA:11,1,0,6
BRDA:11,1,1,2
BRDA:22,2,0,3
BRDA:22,2,1,2
BRDA:32,3,0,0
BRDA:34,4,0,1
BRDA:34,4,1,1
BRDA:45,5,0,2
BRDA:45,5,1,1
BRDA:46,6,0,2
BRDA:46,6,1,1
BRDA:58,7,0,0
BRDA:58,7,1,0
BRDA:68,8,0,0
BRDA:68,9,0,0
BRDA:78,10,0,0
BRDA:78,11,0,0
BRDA:78,12,0,0
BRDA:78,13,0,0
BRDA:100,14,0,0
BRDA:102,15,0,1
BRDA:102,15,1,1
BRDA:114,16,0,0
BRDA:114,16,1,2
BRF:25
BRH:13
end_of_record
TN:
SF:/Users/PenguinCho/Desktop/react_webpack/src/svg/CompanyInfo.js
FN:5,(anonymous_0)
FN:12,(anonymous_1)
FN:21,(anonymous_2)
FN:29,(anonymous_3)
FN:38,(anonymous_4)
FNF:5
FNH:2
FNDA:2,(anonymous_0)
FNDA:0,(anonymous_1)
FNDA:2,(anonymous_2)
FNDA:0,(anonymous_3)
FNDA:0,(anonymous_4)
DA:6,2
DA:7,2
DA:13,0
DA:14,0
DA:15,0
DA:22,2
DA:23,2
DA:24,2
DA:29,0
DA:38,0
LF:10
LH:5
BRDA:14,0,0,0
BRDA:14,0,1,0
BRDA:22,1,0,2
BRDA:22,2,0,2
BRDA:22,3,0,2
BRDA:22,4,0,0
BRDA:22,5,0,1
BRDA:34,6,0,1
BRDA:34,6,1,1
BRF:9
BRH:6
end_of_record
TN:
SF:/Users/PenguinCho/Desktop/react_webpack/src/svg/GridLayout.js
FN:3,(anonymous_0)
FN:14,(anonymous_1)
FN:24,(anonymous_2)
FN:31,(anonymous_3)
FNF:4
FNH:0
FNDA:0,(anonymous_0)
FNDA:0,(anonymous_1)
FNDA:0,(anonymous_2)
FNDA:0,(anonymous_3)
DA:3,0
DA:4,0
DA:5,0
DA:6,0
DA:7,0
DA:8,0
DA:11,0
DA:15,0
DA:24,0
DA:25,0
DA:26,0
DA:31,0
DA:32,0
DA:33,0
LF:14
LH:0
BRDA:4,0,0,0
BRDA:4,1,0,0
BRDA:25,2,0,0
BRDA:25,3,0,0
BRDA:25,4,0,0
BRDA:25,5,0,0
BRDA:25,6,0,0
BRDA:32,7,0,0
BRDA:32,8,0,0
BRDA:32,9,0,0
BRDA:32,10,0,0
BRF:11
BRH:0
end_of_record
TN:
SF:/Users/PenguinCho/Desktop/react_webpack/src/svg/Head.js
FN:20,(anonymous_0)
FN:22,(anonymous_1)
FN:103,(anonymous_2)
FN:156,(anonymous_3)
FN:166,(anonymous_4)
FN:175,(anonymous_5)
FN:194,(anonymous_6)
FN:202,(anonymous_7)
FN:218,(anonymous_8)
FN:226,(anonymous_9)
FNF:10
FNH:0
FNDA:0,(anonymous_0)
FNDA:0,(anonymous_1)
FNDA:0,(anonymous_2)
FNDA:0,(anonymous_3)
FNDA:0,(anonymous_4)
FNDA:0,(anonymous_5)
FNDA:0,(anonymous_6)
FNDA:0,(anonymous_7)
FNDA:0,(anonymous_8)
FNDA:0,(anonymous_9)
DA:7,2
DA:9,2
DA:20,2
DA:22,2
DA:23,0
DA:24,0
DA:103,2
DA:104,0
DA:105,0
DA:106,0
DA:157,0
DA:158,0
DA:167,0
DA:176,0
DA:177,0
DA:178,0
DA:179,0
DA:180,0
DA:194,0
DA:202,0
DA:218,0
DA:226,0
LF:22
LH:5
BRDA:39,0,0,0
BRDA:39,0,1,0
BRDA:82,1,0,0
BRDA:82,1,1,0
BRDA:112,2,0,0
BRDA:112,2,1,0
BRDA:125,3,0,0
BRDA:125,3,1,0
BRDA:133,4,0,0
BRDA:133,4,1,0
BRDA:206,5,0,0
BRDA:206,5,1,0
BRF:12
BRH:0
end_of_record
TN:
SF:/Users/PenguinCho/Desktop/react_webpack/src/svg/SVGComponents.js
FN:4,(anonymous_0)
FN:18,(anonymous_1)
FN:26,(anonymous_2)
FN:34,(anonymous_3)
FN:41,(anonymous_4)
FN:50,(anonymous_5)
FN:62,(anonymous_6)
FN:71,(anonymous_7)
FN:87,(anonymous_8)
FN:105,(anonymous_9)
FNF:10
FNH:0
FNDA:0,(anonymous_0)
FNDA:0,(anonymous_1)
FNDA:0,(anonymous_2)
FNDA:0,(anonymous_3)
FNDA:0,(anonymous_4)
FNDA:0,(anonymous_5)
FNDA:0,(anonymous_6)
FNDA:0,(anonymous_7)
FNDA:0,(anonymous_8)
FNDA:0,(anonymous_9)
DA:4,5
DA:5,0
DA:6,0
DA:7,0
DA:18,5
DA:19,0
DA:21,0
DA:26,5
DA:27,0
DA:28,0
DA:34,5
DA:35,0
DA:36,0
DA:41,5
DA:42,0
DA:43,0
DA:50,5
DA:51,0
DA:52,0
DA:62,5
DA:63,0
DA:64,0
DA:71,5
DA:72,0
DA:73,0
DA:87,5
DA:88,0
DA:89,0
DA:105,5
DA:106,0
DA:107,0
DA:109,0
DA:110,0
DA:111,0
DA:113,0
DA:117,0
DA:118,0
DA:120,0
LF:38
LH:10
BRDA:5,0,0,0
BRDA:5,1,0,0
BRDA:5,2,0,0
BRDA:19,3,0,0
BRDA:19,4,0,0
BRDA:19,5,0,0
BRDA:19,6,0,0
BRDA:27,7,0,0
BRDA:27,8,0,0
BRDA:27,9,0,0
BRDA:27,10,0,0
BRDA:27,11,0,0
BRDA:35,12,0,0
BRDA:35,13,0,0
BRDA:35,14,0,0
BRDA:35,15,0,0
BRDA:35,16,0,0
BRDA:42,17,0,0
BRDA:42,18,0,0
BRDA:42,19,0,0
BRDA:42,20,0,0
BRDA:51,21,0,0
BRDA:51,22,0,0
BRDA:51,23,0,0
BRDA:63,24,0,0
BRDA:72,25,0,0
BRDA:72,26,0,0
BRDA:72,27,0,0
BRDA:72,28,0,0
BRDA:72,29,0,0
BRDA:88,30,0,0
BRDA:88,31,0,0
BRDA:109,32,0,0
BRDA:109,32,1,0
BRDA:109,33,0,0
BRDA:109,33,1,0
BRDA:110,34,0,0
BRDA:110,34,1,0
BRDA:117,35,0,0
BRDA:117,35,1,0
BRDA:118,36,0,0
BRDA:118,36,1,0
BRDA:124,37,0,0
BRDA:124,37,1,0
BRDA:126,38,0,0
BRDA:126,38,1,0
BRDA:128,39,0,0
BRDA:128,39,1,0
BRF:48
BRH:0
end_of_record
TN:
SF:/Users/PenguinCho/Desktop/react_webpack/src/svg/SVGPaper.js
FN:13,(anonymous_0)
FN:14,(anonymous_1)
FN:15,(anonymous_2)
FN:18,(anonymous_3)
FN:31,(anonymous_4)
FN:37,(anonymous_5)
FN:48,(anonymous_6)
FN:52,(anonymous_7)
FN:87,(anonymous_8)
FN:91,(anonymous_9)
FN:136,(anonymous_10)
FN:139,(anonymous_11)
FNF:12
FNH:5
FNDA:6,(anonymous_0)
FNDA:8,(anonymous_1)
FNDA:0,(anonymous_2)
FNDA:7,(anonymous_3)
FNDA:1,(anonymous_4)
FNDA:4,(anonymous_5)
FNDA:0,(anonymous_6)
FNDA:0,(anonymous_7)
FNDA:0,(anonymous_8)
FNDA:0,(anonymous_9)
FNDA:0,(anonymous_10)
FNDA:0,(anonymous_11)
DA:12,2
DA:13,2
DA:14,8
DA:15,0
DA:16,6
DA:18,2
DA:19,7
DA:21,5
DA:23,1
DA:25,1
DA:27,0
DA:31,2
DA:32,1
DA:33,1
DA:38,4
DA:49,0
DA:53,0
DA:54,0
DA:88,0
DA:92,0
DA:93,0
DA:137,0
DA:140,0
DA:141,0
LF:24
LH:13
BRDA:13,0,0,0
BRDA:13,1,0,0
BRDA:13,2,0,0
BRDA:14,3,0,0
BRDA:14,3,1,6
BRDA:16,4,0,4
BRDA:16,4,1,2
BRDA:18,5,0,0
BRDA:18,6,0,0
BRDA:19,7,0,5
BRDA:19,7,1,1
BRDA:19,7,2,1
BRDA:19,7,3,0
BRDA:31,8,0,0
BRDA:31,9,0,0
BRDA:31,10,0,0
BRDA:31,11,0,0
BRDA:35,12,0,1
BRDA:35,12,1,0
BRDA:76,13,0,0
BRDA:76,13,1,0
BRF:21
BRH:7
end_of_record
TN:
SF:/Users/PenguinCho/Desktop/react_webpack/src/svg/SideInfo.js
FN:20,(anonymous_0)
FN:37,(anonymous_1)
FN:68,(anonymous_2)
FN:113,(anonymous_3)
FN:125,(anonymous_4)
FNF:5
FNH:0
FNDA:0,(anonymous_0)
FNDA:0,(anonymous_1)
FNDA:0,(anonymous_2)
FNDA:0,(anonymous_3)
FNDA:0,(anonymous_4)
DA:9,2
DA:12,2
DA:20,2
DA:21,0
DA:22,0
DA:23,0
DA:37,2
DA:38,0
DA:39,0
DA:40,0
DA:42,0
DA:68,2
DA:69,0
DA:113,2
DA:114,0
DA:115,0
DA:116,0
DA:126,0
LF:18
LH:6
BRDA:21,0,0,0
BRDA:21,1,0,0
BRDA:21,2,0,0
BRDA:21,3,0,0
BRDA:21,4,0,0
BRDA:38,5,0,0
BRDA:38,6,0,0
BRDA:38,7,0,0
BRDA:38,8,0,0
BRDA:38,9,0,0
BRF:10
BRH:0
end_of_record
TN:
SF:/Users/PenguinCho/Desktop/react_webpack/src/svg/SingleStopLine.js
FN:10,(anonymous_0)
FN:28,(anonymous_1)
FN:34,Route
FN:54,(anonymous_3)
FN:69,RouteWithEngStops
FN:88,(anonymous_5)
FN:108,(anonymous_6)
FN:109,(anonymous_7)
FN:112,(anonymous_8)
FNF:9
FNH:9
FNDA:15,(anonymous_0)
FNDA:12,(anonymous_1)
FNDA:1,Route
FNDA:2,(anonymous_3)
FNDA:3,RouteWithEngStops
FNDA:7,(anonymous_5)
FNDA:8,(anonymous_6)
FNDA:2,(anonymous_7)
FNDA:2,(anonymous_8)
DA:8,4
DA:10,4
DA:11,15
DA:12,15
DA:13,3
DA:14,12
DA:15,2
DA:16,1
DA:17,1
DA:18,1
DA:21,10
DA:22,9
DA:23,1
DA:24,1
DA:28,4
DA:29,12
DA:35,1
DA:36,1
DA:37,1
DA:38,1
DA:40,1
DA:55,2
DA:70,3
DA:71,3
DA:72,3
DA:73,3
DA:74,3
DA:75,3
DA:89,7
DA:108,8
DA:110,2
DA:113,2
DA:118,4
DA:119,4
LF:34
LH:34
BRDA:10,0,0,0
BRDA:10,1,0,0
BRDA:10,2,0,5
BRDA:12,3,0,3
BRDA:12,3,1,12
BRDA:14,4,0,2
BRDA:14,4,1,10
BRDA:15,5,0,1
BRDA:15,5,1,1
BRDA:17,6,0,1
BRDA:17,6,1,0
BRDA:21,7,0,9
BRDA:21,7,1,1
BRDA:23,8,0,1
BRDA:23,8,1,0
BRDA:29,9,0,8
BRDA:29,9,1,4
BRDA:34,10,0,0
BRDA:34,11,0,0
BRDA:34,12,0,1
BRDA:34,13,0,1
BRDA:34,14,0,1
BRDA:34,15,0,1
BRDA:38,16,0,1
BRDA:38,16,1,0
BRDA:43,17,0,1
BRDA:43,17,1,0
BRDA:45,18,0,1
BRDA:45,18,1,0
BRDA:50,19,0,1
BRDA:50,19,1,0
BRDA:69,20,0,0
BRDA:69,21,0,0
BRDA:69,22,0,2
BRDA:69,23,0,3
BRDA:69,24,0,3
BRDA:69,25,0,3
BRDA:69,26,0,3
BRDA:69,27,0,3
BRDA:71,28,0,0
BRDA:71,28,1,3
BRDA:74,29,0,2
BRDA:74,29,1,1
BRDA:81,30,0,2
BRDA:81,30,1,1
BRF:45
BRH:32
end_of_record
TN:
SF:/Users/PenguinCho/Desktop/react_webpack/src/svg/Stop.js
FN:23,(anonymous_0)
FN:33,(anonymous_1)
FN:42,(anonymous_2)
FN:50,(anonymous_3)
FN:59,(anonymous_4)
FN:68,(anonymous_5)
FN:93,(anonymous_6)
FN:121,(anonymous_7)
FN:130,(anonymous_8)
FN:141,(anonymous_9)
FN:153,(anonymous_10)
FN:163,(anonymous_11)
FNF:12
FNH:4
FNDA:8,(anonymous_0)
FNDA:0,(anonymous_1)
FNDA:0,(anonymous_2)
FNDA:0,(anonymous_3)
FNDA:3,(anonymous_4)
FNDA:4,(anonymous_5)
FNDA:3,(anonymous_6)
FNDA:0,(anonymous_7)
FNDA:0,(anonymous_8)
FNDA:0,(anonymous_9)
FNDA:0,(anonymous_10)
FNDA:0,(anonymous_11)
DA:6,5
DA:23,5
DA:24,8
DA:28,6
DA:30,2
DA:33,5
DA:34,0
DA:42,5
DA:43,0
DA:50,5
DA:51,0
DA:59,5
DA:60,3
DA:61,2
DA:64,1
DA:65,1
DA:68,5
DA:70,4
DA:76,4
DA:84,4
DA:93,5
DA:94,3
DA:96,3
DA:122,0
DA:123,0
DA:131,0
DA:132,0
DA:133,0
DA:134,0
DA:142,0
DA:143,0
DA:144,0
DA:146,0
DA:153,0
DA:163,0
LF:35
LH:20
BRDA:23,0,0,0
BRDA:23,1,0,0
BRDA:24,2,0,3
BRDA:24,2,1,3
BRDA:24,2,2,6
BRDA:24,2,3,2
BRDA:46,3,0,0
BRDA:46,3,1,0
BRDA:59,4,0,0
BRDA:59,5,0,0
BRDA:59,6,0,0
BRDA:59,7,0,0
BRDA:59,8,0,0
BRDA:60,9,0,2
BRDA:60,9,1,1
BRDA:61,10,0,1
BRDA:61,10,1,1
BRDA:64,11,0,1
BRDA:64,11,1,0
BRDA:68,12,0,1
BRDA:68,13,0,4
BRDA:68,14,0,3
BRDA:68,15,0,4
BRDA:68,16,0,4
BRDA:68,17,0,3
BRDA:70,18,0,2
BRDA:70,18,1,2
BRDA:76,19,0,1
BRDA:76,19,1,3
BRDA:86,20,0,3
BRDA:86,20,1,1
BRDA:94,21,0,3
BRDA:94,22,0,3
BRDA:94,23,0,0
BRDA:94,24,0,3
BRDA:94,25,0,3
BRDA:104,26,0,1
BRDA:104,26,1,2
BRDA:142,27,0,0
BRDA:142,28,0,0
BRDA:142,29,0,0
BRDA:142,30,0,0
BRDA:142,31,0,0
BRDA:142,32,0,0
BRF:44
BRH:27
end_of_record
TN:
SF:/Users/PenguinCho/Desktop/react_webpack/src/svg/StopLine.js
FN:9,(anonymous_0)
FN:15,(anonymous_1)
FN:16,(anonymous_2)
FN:17,(anonymous_3)
FN:23,(anonymous_4)
FN:38,(anonymous_5)
FN:39,(anonymous_6)
FN:42,(anonymous_7)
FN:52,(anonymous_8)
FN:79,genarateRoutes_ChanHua
FN:82,genarateRoutes_Yunlin
FN:85,genarateRoutes
FN:89,(anonymous_12)
FN:104,(anonymous_13)
FN:108,(anonymous_14)
FNF:15
FNH:14
FNDA:10,(anonymous_0)
FNDA:12,(anonymous_1)
FNDA:20,(anonymous_2)
FNDA:22,(anonymous_3)
FNDA:0,(anonymous_4)
FNDA:9,(anonymous_5)
FNDA:8,(anonymous_6)
FNDA:8,(anonymous_7)
FNDA:18,(anonymous_8)
FNDA:2,genarateRoutes_ChanHua
FNDA:2,genarateRoutes_Yunlin
FNDA:2,genarateRoutes
FNDA:3,(anonymous_12)
FNDA:1,(anonymous_13)
FNDA:1,(anonymous_14)
DA:7,3
DA:9,3
DA:10,10
DA:11,10
DA:12,54
DA:13,10
DA:15,12
DA:16,20
DA:17,3
DA:18,22
DA:23,3
DA:24,0
DA:38,9
DA:40,8
DA:43,8
DA:44,8
DA:45,8
DA:46,8
DA:47,8
DA:48,8
DA:50,8
DA:53,18
DA:75,3
DA:76,3
DA:77,3
DA:80,2
DA:83,2
DA:86,2
DA:89,3
DA:90,3
DA:92,1
DA:94,1
DA:96,1
DA:98,0
DA:105,1
DA:106,1
DA:111,1
DA:112,1
LF:38
LH:36
BRDA:15,0,0,4
BRDA:15,0,1,8
BRDA:16,1,0,0
BRDA:16,2,0,0
BRDA:16,3,0,0
BRDA:17,4,0,0
BRDA:17,5,0,0
BRDA:17,6,0,0
BRDA:17,7,0,0
BRDA:17,8,0,0
BRDA:18,9,0,12
BRDA:18,9,1,10
BRDA:20,10,0,3
BRDA:20,10,1,7
BRDA:23,11,0,0
BRDA:23,12,0,0
BRDA:25,13,0,0
BRDA:25,13,1,0
BRDA:26,14,0,0
BRDA:26,14,1,0
BRDA:30,15,0,0
BRDA:30,15,1,0
BRDA:38,16,0,0
BRDA:43,17,0,0
BRDA:54,18,0,10
BRDA:54,18,1,8
BRDA:60,19,0,6
BRDA:60,19,1,12
BRDA:62,20,0,6
BRDA:62,20,1,12
BRDA:65,21,0,8
BRDA:65,21,1,10
BRDA:89,22,0,0
BRDA:90,23,0,1
BRDA:90,23,1,1
BRDA:90,23,2,1
BRDA:90,23,3,0
BRDA:109,24,0,0
BRDA:110,25,0,0
BRDA:111,26,0,0
BRF:40
BRH:17
end_of_record
TN:
SF:/Users/PenguinCho/Desktop/react_webpack/src/svg/app.js
FN:23,(anonymous_0)
FN:27,(anonymous_1)
FN:28,(anonymous_2)
FN:32,(anonymous_3)
FN:36,(anonymous_4)
FN:37,(anonymous_5)
FN:39,(anonymous_6)
FN:40,(anonymous_7)
FN:46,(anonymous_8)
FN:46,(anonymous_9)
FN:55,(anonymous_10)
FN:55,(anonymous_11)
FN:55,(anonymous_12)
FN:92,(anonymous_13)
FN:109,(anonymous_14)
FN:119,(anonymous_15)
FN:125,(anonymous_16)
FN:128,(anonymous_17)
FN:133,(anonymous_18)
FN:138,(anonymous_19)
FN:140,(anonymous_20)
FN:141,(anonymous_21)
FN:144,(anonymous_22)
FN:145,(anonymous_23)
FN:150,(anonymous_24)
FN:151,(anonymous_25)
FN:172,(anonymous_26)
FN:174,(anonymous_27)
FN:183,(anonymous_28)
FN:195,(anonymous_29)
FNF:30
FNH:22
FNDA:2,(anonymous_0)
FNDA:15,(anonymous_1)
FNDA:5,(anonymous_2)
FNDA:2,(anonymous_3)
FNDA:5,(anonymous_4)
FNDA:15,(anonymous_5)
FNDA:5,(anonymous_6)
FNDA:5,(anonymous_7)
FNDA:1,(anonymous_8)
FNDA:0,(anonymous_9)
FNDA:2,(anonymous_10)
FNDA:0,(anonymous_11)
FNDA:0,(anonymous_12)
FNDA:6,(anonymous_13)
FNDA:3,(anonymous_14)
FNDA:3,(anonymous_15)
FNDA:3,(anonymous_16)
FNDA:5,(anonymous_17)
FNDA:1,(anonymous_18)
FNDA:9,(anonymous_19)
FNDA:9,(anonymous_20)
FNDA:0,(anonymous_21)
FNDA:0,(anonymous_22)
FNDA:0,(anonymous_23)
FNDA:0,(anonymous_24)
FNDA:0,(anonymous_25)
FNDA:9,(anonymous_26)
FNDA:2,(anonymous_27)
FNDA:2,(anonymous_28)
FNDA:8,(anonymous_29)
DA:6,1
DA:8,1
DA:9,1
DA:14,1
DA:23,1
DA:24,2
DA:25,2
DA:26,5
DA:27,15
DA:28,5
DA:30,2
DA:32,1
DA:33,2
DA:34,2
DA:35,5
DA:36,5
DA:37,15
DA:39,5
DA:40,5
DA:41,5
DA:43,2
DA:46,1
DA:47,1
DA:55,1
DA:56,2
DA:93,6
DA:110,3
DA:111,3
DA:120,3
DA:121,9
DA:122,9
DA:126,3
DA:129,5
DA:130,1
DA:132,5
DA:133,1
DA:139,9
DA:140,9
DA:142,0
DA:143,0
DA:144,0
DA:146,0
DA:147,0
DA:149,0
DA:150,0
DA:152,0
DA:154,0
DA:163,0
DA:164,0
DA:172,9
DA:175,2
DA:176,2
DA:177,2
DA:178,1
DA:184,2
DA:185,2
DA:186,1
DA:190,1
DA:196,8
DA:199,8
LF:60
LH:49
BRDA:46,0,0,1
BRDA:46,1,0,1
BRDA:46,2,0,1
BRDA:46,3,0,0
BRDA:49,4,0,1
BRDA:49,4,1,0
BRDA:55,5,0,0
BRDA:55,6,0,2
BRDA:55,7,0,2
BRDA:55,8,0,1
BRDA:55,9,0,1
BRDA:57,10,0,0
BRDA:57,10,1,2
BRDA:79,11,0,2
BRDA:79,11,1,0
BRDA:86,12,0,2
BRDA:86,12,1,0
BRDA:129,13,0,1
BRDA:129,13,1,4
BRDA:132,14,0,1
BRDA:132,14,1,4
BRDA:142,15,0,0
BRDA:142,15,1,0
BRDA:177,16,0,1
BRDA:177,16,1,1
BRDA:185,17,0,1
BRDA:185,17,1,1
BRDA:185,18,0,2
BRDA:185,18,1,2
BRF:29
BRH:21
end_of_record
TN:
SF:/Users/PenguinCho/Desktop/react_webpack/src/svg/svgFunctions.js
FN:1,(anonymous_0)
FN:6,(anonymous_1)
FN:10,(anonymous_2)
FN:21,(anonymous_3)
FN:23,(anonymous_4)
FN:25,(anonymous_5)
FNF:6
FNH:4
FNDA:0,(anonymous_0)
FNDA:0,(anonymous_1)
FNDA:1,(anonymous_2)
FNDA:3,(anonymous_3)
FNDA:2,(anonymous_4)
FNDA:2,(anonymous_5)
DA:1,4
DA:2,0
DA:3,0
DA:6,4
DA:7,0
DA:10,4
DA:11,1
DA:12,1
DA:13,3
DA:18,1
DA:21,4
DA:22,3
DA:23,2
DA:24,2
DA:25,2
DA:27,1
LF:16
LH:13
BRDA:22,0,0,1
BRDA:22,0,1,2
BRDA:23,1,0,1
BRDA:23,1,1,1
BRDA:24,2,0,1
BRDA:24,2,1,1
BRDA:25,3,0,1
BRDA:25,3,1,1
BRF:8
BRH:8
end_of_record
